[ 2016-05-12T21:26:51+08:00 ] 127.0.0.1 /xiaok/CuteMi/index.php/Home/Index/bianli/typeid/57
INFO: [ app_begin ] --START--
INFO: Run Behavior\ReadHtmlCacheBehavior [ RunTime:0.000639s ]
INFO: [ app_begin ] --END-- [ RunTime:0.001086s ]
NOTIC: [2] session_start(): Cannot send session cache limiter - headers already sent (output started at H:\WWW\www\xiaok\CuteMi\ThinkPHP\Conf\convention.php:1) H:\WWW\www\xiaok\CuteMi\ThinkPHP\Common\functions.php 第 1168 行.
NOTIC: [2] Cannot modify header information - headers already sent by (output started at H:\WWW\www\xiaok\CuteMi\ThinkPHP\Conf\convention.php:1) H:\WWW\www\xiaok\CuteMi\CuteMi\Home\Controller\CommonController.class.php 第 4 行.
SQL: SHOW COLUMNS FROM `mi_close` [ RunTime:0.004443s ]
SQL: SELECT * FROM `mi_close` WHERE ( close_id = '1' ) LIMIT 1   [ RunTime:0.000289s ]
SQL: SHOW COLUMNS FROM `mi_type` [ RunTime:0.003596s ]
SQL: SELECT * FROM `mi_type` WHERE ( pid = 57 )  [ RunTime:0.000259s ]
SQL: SHOW COLUMNS FROM `mi_goods` [ RunTime:0.099026s ]
SQL: SELECT * FROM `mi_goods` WHERE ( typeid in(69,70,71) )  [ RunTime:0.000370s ]
INFO: [ view_parse ] --START--
INFO: [ template_filter ] --START--
INFO: Run Behavior\ContentReplaceBehavior [ RunTime:0.000029s ]
INFO: [ template_filter ] --END-- [ RunTime:0.000067s ]
INFO: Run Behavior\ParseTemplateBehavior [ RunTime:0.029206s ]
INFO: [ view_parse ] --END-- [ RunTime:0.029253s ]
INFO: [ view_filter ] --START--
INFO: Run Behavior\WriteHtmlCacheBehavior [ RunTime:0.000208s ]
INFO: [ view_filter ] --END-- [ RunTime:0.000235s ]
NOTIC: [2] Cannot modify header information - headers already sent by (output started at H:\WWW\www\xiaok\CuteMi\ThinkPHP\Conf\convention.php:1) H:\WWW\www\xiaok\CuteMi\ThinkPHP\Library\Think\View.class.php 第 91 行.
NOTIC: [2] Cannot modify header information - headers already sent by (output started at H:\WWW\www\xiaok\CuteMi\ThinkPHP\Conf\convention.php:1) H:\WWW\www\xiaok\CuteMi\ThinkPHP\Library\Think\View.class.php 第 92 行.
NOTIC: [2] Cannot modify header information - headers already sent by (output started at H:\WWW\www\xiaok\CuteMi\ThinkPHP\Conf\convention.php:1) H:\WWW\www\xiaok\CuteMi\ThinkPHP\Library\Think\View.class.php 第 93 行.
INFO: [ app_end ] --START--
INFO: Run Behavior\ShowPageTraceBehavior [ RunTime:0.000447s ]
INFO: [ app_end ] --END-- [ RunTime:0.000479s ]

[ 2016-05-12T21:26:51+08:00 ] 127.0.0.1 /xiaok/CuteMi/index.php/Home/Index/bianli/typeid/58
INFO: [ app_begin ] --START--
INFO: Run Behavior\ReadHtmlCacheBehavior [ RunTime:0.000877s ]
INFO: [ app_begin ] --END-- [ RunTime:0.001432s ]
NOTIC: [2] session_start(): Cannot send session cache limiter - headers already sent (output started at H:\WWW\www\xiaok\CuteMi\ThinkPHP\Conf\convention.php:1) H:\WWW\www\xiaok\CuteMi\ThinkPHP\Common\functions.php 第 1168 行.
NOTIC: [2] Cannot modify header information - headers already sent by (output started at H:\WWW\www\xiaok\CuteMi\ThinkPHP\Conf\convention.php:1) H:\WWW\www\xiaok\CuteMi\CuteMi\Home\Controller\CommonController.class.php 第 4 行.
SQL: SHOW COLUMNS FROM `mi_close` [ RunTime:0.003555s ]
SQL: SELECT * FROM `mi_close` WHERE ( close_id = '1' ) LIMIT 1   [ RunTime:0.000281s ]
SQL: SHOW COLUMNS FROM `mi_type` [ RunTime:0.003494s ]
SQL: SELECT * FROM `mi_type` WHERE ( pid = 58 )  [ RunTime:0.000374s ]
SQL: SHOW COLUMNS FROM `mi_goods` [ RunTime:0.003242s ]
SQL: SELECT * FROM `mi_goods` WHERE ( typeid in(75,73,74) )  [ RunTime:0.000361s ]
INFO: [ view_parse ] --START--
INFO: [ template_filter ] --START--
INFO: Run Behavior\ContentReplaceBehavior [ RunTime:0.000030s ]
INFO: [ template_filter ] --END-- [ RunTime:0.000071s ]
INFO: Run Behavior\ParseTemplateBehavior [ RunTime:0.005732s ]
INFO: [ view_parse ] --END-- [ RunTime:0.005776s ]
INFO: [ view_filter ] --START--
INFO: Run Behavior\WriteHtmlCacheBehavior [ RunTime:0.000251s ]
INFO: [ view_filter ] --END-- [ RunTime:0.000276s ]
NOTIC: [2] Cannot modify header information - headers already sent by (output started at H:\WWW\www\xiaok\CuteMi\ThinkPHP\Conf\convention.php:1) H:\WWW\www\xiaok\CuteMi\ThinkPHP\Library\Think\View.class.php 第 91 行.
NOTIC: [2] Cannot modify header information - headers already sent by (output started at H:\WWW\www\xiaok\CuteMi\ThinkPHP\Conf\convention.php:1) H:\WWW\www\xiaok\CuteMi\ThinkPHP\Library\Think\View.class.php 第 92 行.
NOTIC: [2] Cannot modify header information - headers already sent by (output started at H:\WWW\www\xiaok\CuteMi\ThinkPHP\Conf\convention.php:1) H:\WWW\www\xiaok\CuteMi\ThinkPHP\Library\Think\View.class.php 第 93 行.
INFO: [ app_end ] --START--
INFO: Run Behavior\ShowPageTraceBehavior [ RunTime:0.000553s ]
INFO: [ app_end ] --END-- [ RunTime:0.000582s ]

[ 2016-05-12T21:26:57+08:00 ] 127.0.0.1 /xiaok/CuteMi/index.php/Home/Index/bianli/typeid/57
INFO: [ app_begin ] --START--
INFO: Run Behavior\ReadHtmlCacheBehavior [ RunTime:0.000499s ]
INFO: [ app_begin ] --END-- [ RunTime:0.000840s ]
NOTIC: [2] session_start(): Cannot send session cache limiter - headers already sent (output started at H:\WWW\www\xiaok\CuteMi\ThinkPHP\Conf\convention.php:1) H:\WWW\www\xiaok\CuteMi\ThinkPHP\Common\functions.php 第 1168 行.
NOTIC: [2] Cannot modify header information - headers already sent by (output started at H:\WWW\www\xiaok\CuteMi\ThinkPHP\Conf\convention.php:1) H:\WWW\www\xiaok\CuteMi\CuteMi\Home\Controller\CommonController.class.php 第 4 行.
SQL: SHOW COLUMNS FROM `mi_close` [ RunTime:0.349221s ]
SQL: SELECT * FROM `mi_close` WHERE ( close_id = '1' ) LIMIT 1   [ RunTime:0.000216s ]
SQL: SHOW COLUMNS FROM `mi_type` [ RunTime:0.007502s ]
SQL: SELECT * FROM `mi_type` WHERE ( pid = 57 )  [ RunTime:0.000366s ]
SQL: SHOW COLUMNS FROM `mi_goods` [ RunTime:0.004878s ]
SQL: SELECT * FROM `mi_goods` WHERE ( typeid in(69,70,71) )  [ RunTime:0.000288s ]
INFO: [ view_parse ] --START--
INFO: [ template_filter ] --START--
INFO: Run Behavior\ContentReplaceBehavior [ RunTime:0.000191s ]
INFO: [ template_filter ] --END-- [ RunTime:0.000475s ]
INFO: Run Behavior\ParseTemplateBehavior [ RunTime:0.009669s ]
INFO: [ view_parse ] --END-- [ RunTime:0.009728s ]
INFO: [ view_filter ] --START--
INFO: Run Behavior\WriteHtmlCacheBehavior [ RunTime:0.000200s ]
INFO: [ view_filter ] --END-- [ RunTime:0.000227s ]
NOTIC: [2] Cannot modify header information - headers already sent by (output started at H:\WWW\www\xiaok\CuteMi\ThinkPHP\Conf\convention.php:1) H:\WWW\www\xiaok\CuteMi\ThinkPHP\Library\Think\View.class.php 第 91 行.
NOTIC: [2] Cannot modify header information - headers already sent by (output started at H:\WWW\www\xiaok\CuteMi\ThinkPHP\Conf\convention.php:1) H:\WWW\www\xiaok\CuteMi\ThinkPHP\Library\Think\View.class.php 第 92 行.
NOTIC: [2] Cannot modify header information - headers already sent by (output started at H:\WWW\www\xiaok\CuteMi\ThinkPHP\Conf\convention.php:1) H:\WWW\www\xiaok\CuteMi\ThinkPHP\Library\Think\View.class.php 第 93 行.
INFO: [ app_end ] --START--
INFO: Run Behavior\ShowPageTraceBehavior [ RunTime:0.000476s ]
INFO: [ app_end ] --END-- [ RunTime:0.000515s ]

[ 2016-05-12T21:26:57+08:00 ] 127.0.0.1 /xiaok/CuteMi/index.php/Home/Index/bianli/typeid/53
INFO: [ app_begin ] --START--
INFO: Run Behavior\ReadHtmlCacheBehavior [ RunTime:0.002188s ]
INFO: [ app_begin ] --END-- [ RunTime:0.003328s ]
NOTIC: [2] session_start(): Cannot send session cache limiter - headers already sent (output started at H:\WWW\www\xiaok\CuteMi\ThinkPHP\Conf\convention.php:1) H:\WWW\www\xiaok\CuteMi\ThinkPHP\Common\functions.php 第 1168 行.
NOTIC: [2] Cannot modify header information - headers already sent by (output started at H:\WWW\www\xiaok\CuteMi\ThinkPHP\Conf\convention.php:1) H:\WWW\www\xiaok\CuteMi\CuteMi\Home\Controller\CommonController.class.php 第 4 行.
SQL: SHOW COLUMNS FROM `mi_close` [ RunTime:0.006876s ]
SQL: SELECT * FROM `mi_close` WHERE ( close_id = '1' ) LIMIT 1   [ RunTime:0.000274s ]
SQL: SHOW COLUMNS FROM `mi_type` [ RunTime:0.004844s ]
SQL: SELECT * FROM `mi_type` WHERE ( pid = 53 )  [ RunTime:0.000289s ]
SQL: SHOW COLUMNS FROM `mi_goods` [ RunTime:0.002821s ]
SQL: SELECT * FROM `mi_goods` WHERE ( typeid in(60,61,62,63,77) )  [ RunTime:0.000274s ]
INFO: [ view_parse ] --START--
INFO: [ template_filter ] --START--
INFO: Run Behavior\ContentReplaceBehavior [ RunTime:0.000029s ]
INFO: [ template_filter ] --END-- [ RunTime:0.000069s ]
INFO: Run Behavior\ParseTemplateBehavior [ RunTime:0.011857s ]
INFO: [ view_parse ] --END-- [ RunTime:0.011912s ]
INFO: [ view_filter ] --START--
INFO: Run Behavior\WriteHtmlCacheBehavior [ RunTime:0.000413s ]
INFO: [ view_filter ] --END-- [ RunTime:0.000446s ]
NOTIC: [2] Cannot modify header information - headers already sent by (output started at H:\WWW\www\xiaok\CuteMi\ThinkPHP\Conf\convention.php:1) H:\WWW\www\xiaok\CuteMi\ThinkPHP\Library\Think\View.class.php 第 91 行.
NOTIC: [2] Cannot modify header information - headers already sent by (output started at H:\WWW\www\xiaok\CuteMi\ThinkPHP\Conf\convention.php:1) H:\WWW\www\xiaok\CuteMi\ThinkPHP\Library\Think\View.class.php 第 92 行.
NOTIC: [2] Cannot modify header information - headers already sent by (output started at H:\WWW\www\xiaok\CuteMi\ThinkPHP\Conf\convention.php:1) H:\WWW\www\xiaok\CuteMi\ThinkPHP\Library\Think\View.class.php 第 93 行.
INFO: [ app_end ] --START--
INFO: Run Behavior\ShowPageTraceBehavior [ RunTime:0.000608s ]
INFO: [ app_end ] --END-- [ RunTime:0.000647s ]

[ 2016-05-12T21:26:57+08:00 ] 127.0.0.1 /xiaok/CuteMi/index.php/Home/Index/bianli/typeid/56
INFO: [ app_begin ] --START--
INFO: Run Behavior\ReadHtmlCacheBehavior [ RunTime:0.001658s ]
INFO: [ app_begin ] --END-- [ RunTime:0.002851s ]
NOTIC: [2] session_start(): Cannot send session cache limiter - headers already sent (output started at H:\WWW\www\xiaok\CuteMi\ThinkPHP\Conf\convention.php:1) H:\WWW\www\xiaok\CuteMi\ThinkPHP\Common\functions.php 第 1168 行.
NOTIC: [2] Cannot modify header information - headers already sent by (output started at H:\WWW\www\xiaok\CuteMi\ThinkPHP\Conf\convention.php:1) H:\WWW\www\xiaok\CuteMi\CuteMi\Home\Controller\CommonController.class.php 第 4 行.
SQL: SHOW COLUMNS FROM `mi_close` [ RunTime:0.004791s ]
SQL: SELECT * FROM `mi_close` WHERE ( close_id = '1' ) LIMIT 1   [ RunTime:0.000289s ]
SQL: SHOW COLUMNS FROM `mi_type` [ RunTime:0.003846s ]
SQL: SELECT * FROM `mi_type` WHERE ( pid = 56 )  [ RunTime:0.000280s ]
SQL: SHOW COLUMNS FROM `mi_goods` [ RunTime:0.003421s ]
SQL: SELECT * FROM `mi_goods` WHERE ( typeid in(68,67,64,66) )  [ RunTime:0.000323s ]
INFO: [ view_parse ] --START--
INFO: [ template_filter ] --START--
INFO: Run Behavior\ContentReplaceBehavior [ RunTime:0.000033s ]
INFO: [ template_filter ] --END-- [ RunTime:0.000084s ]
INFO: Run Behavior\ParseTemplateBehavior [ RunTime:0.006705s ]
INFO: [ view_parse ] --END-- [ RunTime:0.006766s ]
INFO: [ view_filter ] --START--
INFO: Run Behavior\WriteHtmlCacheBehavior [ RunTime:0.000269s ]
INFO: [ view_filter ] --END-- [ RunTime:0.000311s ]
NOTIC: [2] Cannot modify header information - headers already sent by (output started at H:\WWW\www\xiaok\CuteMi\ThinkPHP\Conf\convention.php:1) H:\WWW\www\xiaok\CuteMi\ThinkPHP\Library\Think\View.class.php 第 91 行.
NOTIC: [2] Cannot modify header information - headers already sent by (output started at H:\WWW\www\xiaok\CuteMi\ThinkPHP\Conf\convention.php:1) H:\WWW\www\xiaok\CuteMi\ThinkPHP\Library\Think\View.class.php 第 92 行.
NOTIC: [2] Cannot modify header information - headers already sent by (output started at H:\WWW\www\xiaok\CuteMi\ThinkPHP\Conf\convention.php:1) H:\WWW\www\xiaok\CuteMi\ThinkPHP\Library\Think\View.class.php 第 93 行.
INFO: [ app_end ] --START--
INFO: Run Behavior\ShowPageTraceBehavior [ RunTime:0.000750s ]
INFO: [ app_end ] --END-- [ RunTime:0.000825s ]

