[ 2016-09-18T11:37:30+08:00 ] 127.0.0.1 /CuteMi/index.php/Home/Index/bianli/typeid/58
INFO: [ app_begin ] --START--
INFO: Run Behavior\ReadHtmlCacheBehavior [ RunTime:0.000713s ]
INFO: [ app_begin ] --END-- [ RunTime:0.001126s ]
SQL: SHOW COLUMNS FROM `mi_close` [ RunTime:0.004293s ]
SQL: SELECT * FROM `mi_close` WHERE ( close_id = '1' ) LIMIT 1   [ RunTime:0.000329s ]
SQL: SHOW COLUMNS FROM `mi_type` [ RunTime:0.003722s ]
SQL: SELECT * FROM `mi_type` WHERE ( pid = 58 )  [ RunTime:0.000644s ]
SQL: SHOW COLUMNS FROM `mi_goods` [ RunTime:0.032343s ]
SQL: SELECT * FROM `mi_goods` WHERE ( typeid in(75,73,74) )  [ RunTime:0.000496s ]
INFO: [ view_parse ] --START--
INFO: [ template_filter ] --START--
INFO: Run Behavior\ContentReplaceBehavior [ RunTime:0.000046s ]
INFO: [ template_filter ] --END-- [ RunTime:0.000109s ]
INFO: Run Behavior\ParseTemplateBehavior [ RunTime:0.036047s ]
INFO: [ view_parse ] --END-- [ RunTime:0.036139s ]
INFO: [ view_filter ] --START--
INFO: Run Behavior\WriteHtmlCacheBehavior [ RunTime:0.000426s ]
INFO: [ view_filter ] --END-- [ RunTime:0.000476s ]
INFO: [ app_end ] --START--
INFO: Run Behavior\ShowPageTraceBehavior [ RunTime:0.000772s ]
INFO: [ app_end ] --END-- [ RunTime:0.000823s ]

[ 2016-09-18T11:37:37+08:00 ] 127.0.0.1 /CuteMi/index.php/Home/Index/bianli/typeid/58
INFO: [ app_begin ] --START--
INFO: Run Behavior\ReadHtmlCacheBehavior [ RunTime:0.000458s ]
INFO: [ app_begin ] --END-- [ RunTime:0.000732s ]
SQL: SHOW COLUMNS FROM `mi_close` [ RunTime:0.004647s ]
SQL: SELECT * FROM `mi_close` WHERE ( close_id = '1' ) LIMIT 1   [ RunTime:0.000324s ]
SQL: SHOW COLUMNS FROM `mi_type` [ RunTime:0.003439s ]
SQL: SELECT * FROM `mi_type` WHERE ( pid = 58 )  [ RunTime:0.000293s ]
SQL: SHOW COLUMNS FROM `mi_goods` [ RunTime:0.004967s ]
SQL: SELECT * FROM `mi_goods` WHERE ( typeid in(75,73,74) )  [ RunTime:0.000343s ]
INFO: [ view_parse ] --START--
INFO: [ template_filter ] --START--
INFO: Run Behavior\ContentReplaceBehavior [ RunTime:0.000052s ]
INFO: [ template_filter ] --END-- [ RunTime:0.000108s ]
INFO: Run Behavior\ParseTemplateBehavior [ RunTime:0.005317s ]
INFO: [ view_parse ] --END-- [ RunTime:0.005358s ]
INFO: [ view_filter ] --START--
INFO: Run Behavior\WriteHtmlCacheBehavior [ RunTime:0.000175s ]
INFO: [ view_filter ] --END-- [ RunTime:0.000201s ]
INFO: [ app_end ] --START--
INFO: Run Behavior\ShowPageTraceBehavior [ RunTime:0.000402s ]
INFO: [ app_end ] --END-- [ RunTime:0.000431s ]

[ 2016-09-18T11:48:51+08:00 ] 127.0.0.1 /CuteMi/index.php/Home/Index/bianli/typeid/58
INFO: [ app_begin ] --START--
INFO: Run Behavior\ReadHtmlCacheBehavior [ RunTime:0.000925s ]
INFO: [ app_begin ] --END-- [ RunTime:0.001436s ]
SQL: SHOW COLUMNS FROM `mi_close` [ RunTime:0.005768s ]
SQL: SELECT * FROM `mi_close` WHERE ( close_id = '1' ) LIMIT 1   [ RunTime:0.000359s ]
SQL: SHOW COLUMNS FROM `mi_type` [ RunTime:0.005152s ]
SQL: SELECT * FROM `mi_type` WHERE ( pid = 58 )  [ RunTime:0.000243s ]
SQL: SHOW COLUMNS FROM `mi_goods` [ RunTime:0.003983s ]
SQL: SELECT * FROM `mi_goods` WHERE ( typeid in(75,73,74) )  [ RunTime:0.000357s ]
INFO: [ view_parse ] --START--
INFO: [ template_filter ] --START--
INFO: Run Behavior\ContentReplaceBehavior [ RunTime:0.000039s ]
INFO: [ template_filter ] --END-- [ RunTime:0.000093s ]
INFO: Run Behavior\ParseTemplateBehavior [ RunTime:0.008138s ]
INFO: [ view_parse ] --END-- [ RunTime:0.008196s ]
INFO: [ view_filter ] --START--
INFO: Run Behavior\WriteHtmlCacheBehavior [ RunTime:0.000326s ]
INFO: [ view_filter ] --END-- [ RunTime:0.000364s ]
INFO: [ app_end ] --START--
INFO: Run Behavior\ShowPageTraceBehavior [ RunTime:0.000659s ]
INFO: [ app_end ] --END-- [ RunTime:0.000700s ]

[ 2016-09-18T11:48:51+08:00 ] 127.0.0.1 /CuteMi/index.php/Home/Index/bianli/typeid/56
INFO: [ app_begin ] --START--
INFO: Run Behavior\ReadHtmlCacheBehavior [ RunTime:0.001202s ]
INFO: [ app_begin ] --END-- [ RunTime:0.001932s ]
SQL: SHOW COLUMNS FROM `mi_close` [ RunTime:0.003420s ]
SQL: SELECT * FROM `mi_close` WHERE ( close_id = '1' ) LIMIT 1   [ RunTime:0.000449s ]
SQL: SHOW COLUMNS FROM `mi_type` [ RunTime:0.003977s ]
SQL: SELECT * FROM `mi_type` WHERE ( pid = 56 )  [ RunTime:0.000448s ]
SQL: SHOW COLUMNS FROM `mi_goods` [ RunTime:0.004498s ]
SQL: SELECT * FROM `mi_goods` WHERE ( typeid in(68,67,64,66) )  [ RunTime:0.000398s ]
INFO: [ view_parse ] --START--
INFO: [ template_filter ] --START--
INFO: Run Behavior\ContentReplaceBehavior [ RunTime:0.000043s ]
INFO: [ template_filter ] --END-- [ RunTime:0.000101s ]
INFO: Run Behavior\ParseTemplateBehavior [ RunTime:0.009368s ]
INFO: [ view_parse ] --END-- [ RunTime:0.009446s ]
INFO: [ view_filter ] --START--
INFO: Run Behavior\WriteHtmlCacheBehavior [ RunTime:0.000485s ]
INFO: [ view_filter ] --END-- [ RunTime:0.000544s ]
INFO: [ app_end ] --START--
INFO: Run Behavior\ShowPageTraceBehavior [ RunTime:0.000912s ]
INFO: [ app_end ] --END-- [ RunTime:0.000968s ]

[ 2016-09-18T11:48:51+08:00 ] 127.0.0.1 /CuteMi/index.php/Home/Index/bianli/typeid/57
INFO: [ app_begin ] --START--
INFO: Run Behavior\ReadHtmlCacheBehavior [ RunTime:0.001121s ]
INFO: [ app_begin ] --END-- [ RunTime:0.002483s ]
SQL: SHOW COLUMNS FROM `mi_close` [ RunTime:0.004241s ]
SQL: SELECT * FROM `mi_close` WHERE ( close_id = '1' ) LIMIT 1   [ RunTime:0.000401s ]
SQL: SHOW COLUMNS FROM `mi_type` [ RunTime:0.003815s ]
SQL: SELECT * FROM `mi_type` WHERE ( pid = 57 )  [ RunTime:0.000369s ]
SQL: SHOW COLUMNS FROM `mi_goods` [ RunTime:0.004107s ]
SQL: SELECT * FROM `mi_goods` WHERE ( typeid in(69,70,71) )  [ RunTime:0.000456s ]
INFO: [ view_parse ] --START--
INFO: [ template_filter ] --START--
INFO: Run Behavior\ContentReplaceBehavior [ RunTime:0.000052s ]
INFO: [ template_filter ] --END-- [ RunTime:0.000139s ]
INFO: Run Behavior\ParseTemplateBehavior [ RunTime:0.008968s ]
INFO: [ view_parse ] --END-- [ RunTime:0.009056s ]
INFO: [ view_filter ] --START--
INFO: Run Behavior\WriteHtmlCacheBehavior [ RunTime:0.000394s ]
INFO: [ view_filter ] --END-- [ RunTime:0.000445s ]
INFO: [ app_end ] --START--
INFO: Run Behavior\ShowPageTraceBehavior [ RunTime:0.000758s ]
INFO: [ app_end ] --END-- [ RunTime:0.000822s ]

[ 2016-09-18T11:54:38+08:00 ] 127.0.0.1 /CuteMi/index.php/Home/Index/bianli/typeid/53
INFO: [ app_begin ] --START--
INFO: Run Behavior\ReadHtmlCacheBehavior [ RunTime:0.000610s ]
INFO: [ app_begin ] --END-- [ RunTime:0.001162s ]
SQL: SHOW COLUMNS FROM `mi_close` [ RunTime:0.004457s ]
SQL: SELECT * FROM `mi_close` WHERE ( close_id = '1' ) LIMIT 1   [ RunTime:0.000244s ]
SQL: SHOW COLUMNS FROM `mi_type` [ RunTime:0.003670s ]
SQL: SELECT * FROM `mi_type` WHERE ( pid = 53 )  [ RunTime:0.000266s ]
SQL: SHOW COLUMNS FROM `mi_goods` [ RunTime:0.004296s ]
SQL: SELECT * FROM `mi_goods` WHERE ( typeid in(60,61,62,63,77) )  [ RunTime:0.000333s ]
INFO: [ view_parse ] --START--
INFO: [ template_filter ] --START--
INFO: Run Behavior\ContentReplaceBehavior [ RunTime:0.000041s ]
INFO: [ template_filter ] --END-- [ RunTime:0.000105s ]
INFO: Run Behavior\ParseTemplateBehavior [ RunTime:0.005532s ]
INFO: [ view_parse ] --END-- [ RunTime:0.005574s ]
INFO: [ view_filter ] --START--
INFO: Run Behavior\WriteHtmlCacheBehavior [ RunTime:0.000164s ]
INFO: [ view_filter ] --END-- [ RunTime:0.000191s ]
INFO: [ app_end ] --START--
INFO: Run Behavior\ShowPageTraceBehavior [ RunTime:0.000422s ]
INFO: [ app_end ] --END-- [ RunTime:0.000450s ]

[ 2016-09-18T11:54:39+08:00 ] 127.0.0.1 /CuteMi/index.php/Home/Index/bianli/typeid/53
INFO: [ app_begin ] --START--
INFO: Run Behavior\ReadHtmlCacheBehavior [ RunTime:0.000866s ]
INFO: [ app_begin ] --END-- [ RunTime:0.001304s ]
SQL: SHOW COLUMNS FROM `mi_close` [ RunTime:0.006058s ]
SQL: SELECT * FROM `mi_close` WHERE ( close_id = '1' ) LIMIT 1   [ RunTime:0.000330s ]
SQL: SHOW COLUMNS FROM `mi_type` [ RunTime:0.004422s ]
SQL: SELECT * FROM `mi_type` WHERE ( pid = 53 )  [ RunTime:0.000274s ]
SQL: SHOW COLUMNS FROM `mi_goods` [ RunTime:0.003973s ]
SQL: SELECT * FROM `mi_goods` WHERE ( typeid in(60,61,62,63,77) )  [ RunTime:0.000373s ]
INFO: [ view_parse ] --START--
INFO: [ template_filter ] --START--
INFO: Run Behavior\ContentReplaceBehavior [ RunTime:0.000028s ]
INFO: [ template_filter ] --END-- [ RunTime:0.000067s ]
INFO: Run Behavior\ParseTemplateBehavior [ RunTime:0.006132s ]
INFO: [ view_parse ] --END-- [ RunTime:0.006187s ]
INFO: [ view_filter ] --START--
INFO: Run Behavior\WriteHtmlCacheBehavior [ RunTime:0.000260s ]
INFO: [ view_filter ] --END-- [ RunTime:0.000289s ]
INFO: [ app_end ] --START--
INFO: Run Behavior\ShowPageTraceBehavior [ RunTime:0.000491s ]
INFO: [ app_end ] --END-- [ RunTime:0.000521s ]

[ 2016-09-18T11:54:39+08:00 ] 127.0.0.1 /CuteMi/index.php/Home/Index/bianli/typeid/56
INFO: [ app_begin ] --START--
INFO: Run Behavior\ReadHtmlCacheBehavior [ RunTime:0.000613s ]
INFO: [ app_begin ] --END-- [ RunTime:0.000949s ]
SQL: SHOW COLUMNS FROM `mi_close` [ RunTime:0.002629s ]
SQL: SELECT * FROM `mi_close` WHERE ( close_id = '1' ) LIMIT 1   [ RunTime:0.000280s ]
SQL: SHOW COLUMNS FROM `mi_type` [ RunTime:0.002800s ]
SQL: SELECT * FROM `mi_type` WHERE ( pid = 56 )  [ RunTime:0.000242s ]
SQL: SHOW COLUMNS FROM `mi_goods` [ RunTime:0.002968s ]
SQL: SELECT * FROM `mi_goods` WHERE ( typeid in(68,67,64,66) )  [ RunTime:0.000279s ]
INFO: [ view_parse ] --START--
INFO: [ template_filter ] --START--
INFO: Run Behavior\ContentReplaceBehavior [ RunTime:0.000028s ]
INFO: [ template_filter ] --END-- [ RunTime:0.000065s ]
INFO: Run Behavior\ParseTemplateBehavior [ RunTime:0.006503s ]
INFO: [ view_parse ] --END-- [ RunTime:0.006545s ]
INFO: [ view_filter ] --START--
INFO: Run Behavior\WriteHtmlCacheBehavior [ RunTime:0.000236s ]
INFO: [ view_filter ] --END-- [ RunTime:0.000264s ]
INFO: [ app_end ] --START--
INFO: Run Behavior\ShowPageTraceBehavior [ RunTime:0.000502s ]
INFO: [ app_end ] --END-- [ RunTime:0.000530s ]

[ 2016-09-18T11:56:04+08:00 ] 127.0.0.1 /CuteMi/index.php/Home/Order/add
INFO: [ app_begin ] --START--
INFO: Run Behavior\ReadHtmlCacheBehavior [ RunTime:0.000624s ]
INFO: [ app_begin ] --END-- [ RunTime:0.001055s ]
SQL: SHOW COLUMNS FROM `mi_close` [ RunTime:0.002735s ]
SQL: SELECT * FROM `mi_close` WHERE ( close_id = '1' ) LIMIT 1   [ RunTime:0.000227s ]
SQL: SHOW COLUMNS FROM `mi_district` [ RunTime:0.095274s ]
SQL: SELECT * FROM `mi_district` WHERE ( `upid` = 0 )  [ RunTime:0.040995s ]

[ 2016-09-18T11:57:04+08:00 ] 127.0.0.1 /CuteMi/index.php/Home/Index/bianli/typeid/53
INFO: [ app_begin ] --START--
INFO: Run Behavior\ReadHtmlCacheBehavior [ RunTime:0.000446s ]
INFO: [ app_begin ] --END-- [ RunTime:0.000753s ]
SQL: SHOW COLUMNS FROM `mi_close` [ RunTime:0.004166s ]
SQL: SELECT * FROM `mi_close` WHERE ( close_id = '1' ) LIMIT 1   [ RunTime:0.000293s ]
SQL: SHOW COLUMNS FROM `mi_type` [ RunTime:0.003620s ]
SQL: SELECT * FROM `mi_type` WHERE ( pid = 53 )  [ RunTime:0.000286s ]
SQL: SHOW COLUMNS FROM `mi_goods` [ RunTime:0.004761s ]
SQL: SELECT * FROM `mi_goods` WHERE ( typeid in(60,61,62,63,77) )  [ RunTime:0.000407s ]
INFO: [ view_parse ] --START--
INFO: [ template_filter ] --START--
INFO: Run Behavior\ContentReplaceBehavior [ RunTime:0.000042s ]
INFO: [ template_filter ] --END-- [ RunTime:0.000099s ]
INFO: Run Behavior\ParseTemplateBehavior [ RunTime:0.007132s ]
INFO: [ view_parse ] --END-- [ RunTime:0.007205s ]
INFO: [ view_filter ] --START--
INFO: Run Behavior\WriteHtmlCacheBehavior [ RunTime:0.000239s ]
INFO: [ view_filter ] --END-- [ RunTime:0.000279s ]
INFO: [ app_end ] --START--
INFO: Run Behavior\ShowPageTraceBehavior [ RunTime:0.000590s ]
INFO: [ app_end ] --END-- [ RunTime:0.000631s ]

[ 2016-09-18T11:57:04+08:00 ] 127.0.0.1 /CuteMi/index.php/Home/Index/bianli/typeid/56
INFO: [ app_begin ] --START--
INFO: Run Behavior\ReadHtmlCacheBehavior [ RunTime:0.000662s ]
INFO: [ app_begin ] --END-- [ RunTime:0.001044s ]
SQL: SHOW COLUMNS FROM `mi_close` [ RunTime:0.005053s ]
SQL: SELECT * FROM `mi_close` WHERE ( close_id = '1' ) LIMIT 1   [ RunTime:0.000282s ]
SQL: SHOW COLUMNS FROM `mi_type` [ RunTime:0.003526s ]
SQL: SELECT * FROM `mi_type` WHERE ( pid = 56 )  [ RunTime:0.000286s ]
SQL: SHOW COLUMNS FROM `mi_goods` [ RunTime:0.003877s ]
SQL: SELECT * FROM `mi_goods` WHERE ( typeid in(68,67,64,66) )  [ RunTime:0.000301s ]
INFO: [ view_parse ] --START--
INFO: [ template_filter ] --START--
INFO: Run Behavior\ContentReplaceBehavior [ RunTime:0.000042s ]
INFO: [ template_filter ] --END-- [ RunTime:0.000089s ]
INFO: Run Behavior\ParseTemplateBehavior [ RunTime:0.008179s ]
INFO: [ view_parse ] --END-- [ RunTime:0.008249s ]
INFO: [ view_filter ] --START--
INFO: Run Behavior\WriteHtmlCacheBehavior [ RunTime:0.000356s ]
INFO: [ view_filter ] --END-- [ RunTime:0.000389s ]
INFO: [ app_end ] --START--
INFO: Run Behavior\ShowPageTraceBehavior [ RunTime:0.000599s ]
INFO: [ app_end ] --END-- [ RunTime:0.000634s ]

[ 2016-09-18T11:57:04+08:00 ] 127.0.0.1 /CuteMi/index.php/Home/Index/bianli/typeid/57
INFO: [ app_begin ] --START--
INFO: Run Behavior\ReadHtmlCacheBehavior [ RunTime:0.000500s ]
INFO: [ app_begin ] --END-- [ RunTime:0.000827s ]
SQL: SHOW COLUMNS FROM `mi_close` [ RunTime:0.003249s ]
SQL: SELECT * FROM `mi_close` WHERE ( close_id = '1' ) LIMIT 1   [ RunTime:0.000257s ]
SQL: SHOW COLUMNS FROM `mi_type` [ RunTime:0.003052s ]
SQL: SELECT * FROM `mi_type` WHERE ( pid = 57 )  [ RunTime:0.000362s ]
SQL: SHOW COLUMNS FROM `mi_goods` [ RunTime:0.003222s ]
SQL: SELECT * FROM `mi_goods` WHERE ( typeid in(69,70,71) )  [ RunTime:0.001150s ]
INFO: [ view_parse ] --START--
INFO: [ template_filter ] --START--
INFO: Run Behavior\ContentReplaceBehavior [ RunTime:0.000029s ]
INFO: [ template_filter ] --END-- [ RunTime:0.000068s ]
INFO: Run Behavior\ParseTemplateBehavior [ RunTime:0.005875s ]
INFO: [ view_parse ] --END-- [ RunTime:0.005929s ]
INFO: [ view_filter ] --START--
INFO: Run Behavior\WriteHtmlCacheBehavior [ RunTime:0.000187s ]
INFO: [ view_filter ] --END-- [ RunTime:0.000215s ]
INFO: [ app_end ] --START--
INFO: Run Behavior\ShowPageTraceBehavior [ RunTime:0.000437s ]
INFO: [ app_end ] --END-- [ RunTime:0.000473s ]

[ 2016-09-18T11:57:04+08:00 ] 127.0.0.1 /CuteMi/index.php/Home/Index/bianli/typeid/58
INFO: [ app_begin ] --START--
INFO: Run Behavior\ReadHtmlCacheBehavior [ RunTime:0.000390s ]
INFO: [ app_begin ] --END-- [ RunTime:0.000657s ]
SQL: SHOW COLUMNS FROM `mi_close` [ RunTime:0.003098s ]
SQL: SELECT * FROM `mi_close` WHERE ( close_id = '1' ) LIMIT 1   [ RunTime:0.000242s ]
SQL: SHOW COLUMNS FROM `mi_type` [ RunTime:0.004699s ]
SQL: SELECT * FROM `mi_type` WHERE ( pid = 58 )  [ RunTime:0.000441s ]
SQL: SHOW COLUMNS FROM `mi_goods` [ RunTime:0.003102s ]
SQL: SELECT * FROM `mi_goods` WHERE ( typeid in(75,73,74) )  [ RunTime:0.000326s ]
INFO: [ view_parse ] --START--
INFO: [ template_filter ] --START--
INFO: Run Behavior\ContentReplaceBehavior [ RunTime:0.000029s ]
INFO: [ template_filter ] --END-- [ RunTime:0.000066s ]
INFO: Run Behavior\ParseTemplateBehavior [ RunTime:0.005356s ]
INFO: [ view_parse ] --END-- [ RunTime:0.005398s ]
INFO: [ view_filter ] --START--
INFO: Run Behavior\WriteHtmlCacheBehavior [ RunTime:0.000169s ]
INFO: [ view_filter ] --END-- [ RunTime:0.000194s ]
INFO: [ app_end ] --START--
INFO: Run Behavior\ShowPageTraceBehavior [ RunTime:0.000391s ]
INFO: [ app_end ] --END-- [ RunTime:0.000419s ]

[ 2016-09-18T11:57:20+08:00 ] 127.0.0.1 /CuteMi/index.php/Home/Index/bianli/typeid/58
INFO: [ app_begin ] --START--
INFO: Run Behavior\ReadHtmlCacheBehavior [ RunTime:0.000468s ]
INFO: [ app_begin ] --END-- [ RunTime:0.000807s ]
SQL: SHOW COLUMNS FROM `mi_close` [ RunTime:0.005474s ]
SQL: SELECT * FROM `mi_close` WHERE ( close_id = '1' ) LIMIT 1   [ RunTime:0.000287s ]
SQL: SHOW COLUMNS FROM `mi_type` [ RunTime:0.003577s ]
SQL: SELECT * FROM `mi_type` WHERE ( pid = 58 )  [ RunTime:0.000314s ]
SQL: SHOW COLUMNS FROM `mi_goods` [ RunTime:0.003673s ]
SQL: SELECT * FROM `mi_goods` WHERE ( typeid in(75,73,74) )  [ RunTime:0.000327s ]
INFO: [ view_parse ] --START--
INFO: [ template_filter ] --START--
INFO: Run Behavior\ContentReplaceBehavior [ RunTime:0.000032s ]
INFO: [ template_filter ] --END-- [ RunTime:0.000079s ]
INFO: Run Behavior\ParseTemplateBehavior [ RunTime:0.006014s ]
INFO: [ view_parse ] --END-- [ RunTime:0.006059s ]
INFO: [ view_filter ] --START--
INFO: Run Behavior\WriteHtmlCacheBehavior [ RunTime:0.000189s ]
INFO: [ view_filter ] --END-- [ RunTime:0.000217s ]
INFO: [ app_end ] --START--
INFO: Run Behavior\ShowPageTraceBehavior [ RunTime:0.000487s ]
INFO: [ app_end ] --END-- [ RunTime:0.000528s ]

[ 2016-09-18T11:57:20+08:00 ] 127.0.0.1 /CuteMi/index.php/Home/Index/bianli/typeid/58
INFO: [ app_begin ] --START--
INFO: Run Behavior\ReadHtmlCacheBehavior [ RunTime:0.000441s ]
INFO: [ app_begin ] --END-- [ RunTime:0.000805s ]
SQL: SHOW COLUMNS FROM `mi_close` [ RunTime:0.002749s ]
SQL: SELECT * FROM `mi_close` WHERE ( close_id = '1' ) LIMIT 1   [ RunTime:0.000271s ]
SQL: SHOW COLUMNS FROM `mi_type` [ RunTime:0.003488s ]
SQL: SELECT * FROM `mi_type` WHERE ( pid = 58 )  [ RunTime:0.000285s ]
SQL: SHOW COLUMNS FROM `mi_goods` [ RunTime:0.003289s ]
SQL: SELECT * FROM `mi_goods` WHERE ( typeid in(75,73,74) )  [ RunTime:0.000315s ]
INFO: [ view_parse ] --START--
INFO: [ template_filter ] --START--
INFO: Run Behavior\ContentReplaceBehavior [ RunTime:0.000029s ]
INFO: [ template_filter ] --END-- [ RunTime:0.000072s ]
INFO: Run Behavior\ParseTemplateBehavior [ RunTime:0.005597s ]
INFO: [ view_parse ] --END-- [ RunTime:0.005663s ]
INFO: [ view_filter ] --START--
INFO: Run Behavior\WriteHtmlCacheBehavior [ RunTime:0.000183s ]
INFO: [ view_filter ] --END-- [ RunTime:0.000210s ]
INFO: [ app_end ] --START--
INFO: Run Behavior\ShowPageTraceBehavior [ RunTime:0.000451s ]
INFO: [ app_end ] --END-- [ RunTime:0.000488s ]

[ 2016-09-18T12:06:55+08:00 ] 127.0.0.1 /CuteMi/index.php/Home/Index/bianli/typeid/56
INFO: [ app_begin ] --START--
INFO: Run Behavior\ReadHtmlCacheBehavior [ RunTime:0.000604s ]
INFO: [ app_begin ] --END-- [ RunTime:0.000941s ]
SQL: SHOW COLUMNS FROM `mi_close` [ RunTime:0.007053s ]
SQL: SELECT * FROM `mi_close` WHERE ( close_id = '1' ) LIMIT 1   [ RunTime:0.000305s ]
SQL: SHOW COLUMNS FROM `mi_type` [ RunTime:0.015778s ]
SQL: SELECT * FROM `mi_type` WHERE ( pid = 56 )  [ RunTime:0.000293s ]
SQL: SHOW COLUMNS FROM `mi_goods` [ RunTime:0.003614s ]
SQL: SELECT * FROM `mi_goods` WHERE ( typeid in(68,67,64,66) )  [ RunTime:0.000332s ]
INFO: [ view_parse ] --START--
INFO: [ template_filter ] --START--
INFO: Run Behavior\ContentReplaceBehavior [ RunTime:0.000027s ]
INFO: [ template_filter ] --END-- [ RunTime:0.000075s ]
INFO: Run Behavior\ParseTemplateBehavior [ RunTime:0.005950s ]
INFO: [ view_parse ] --END-- [ RunTime:0.005993s ]
INFO: [ view_filter ] --START--
INFO: Run Behavior\WriteHtmlCacheBehavior [ RunTime:0.000258s ]
INFO: [ view_filter ] --END-- [ RunTime:0.000287s ]
INFO: [ app_end ] --START--
INFO: Run Behavior\ShowPageTraceBehavior [ RunTime:0.000564s ]
INFO: [ app_end ] --END-- [ RunTime:0.000615s ]

[ 2016-09-18T16:09:47+08:00 ] 127.0.0.1 /CuteMi/index.php/Home/Index/bianli/typeid/58
INFO: [ app_begin ] --START--
INFO: Run Behavior\ReadHtmlCacheBehavior [ RunTime:0.000751s ]
INFO: [ app_begin ] --END-- [ RunTime:0.006049s ]
SQL: SHOW COLUMNS FROM `mi_type` [ RunTime:0.004495s ]
SQL: SELECT * FROM `mi_type` WHERE ( pid = 58 )  [ RunTime:0.000312s ]
SQL: SHOW COLUMNS FROM `mi_goods` [ RunTime:0.005809s ]
SQL: SELECT * FROM `mi_goods` WHERE ( typeid in(75,73,74) )  [ RunTime:0.000348s ]
INFO: [ view_parse ] --START--
INFO: [ template_filter ] --START--
INFO: Run Behavior\ContentReplaceBehavior [ RunTime:0.000028s ]
INFO: [ template_filter ] --END-- [ RunTime:0.000065s ]
INFO: Run Behavior\ParseTemplateBehavior [ RunTime:0.148923s ]
INFO: [ view_parse ] --END-- [ RunTime:0.148972s ]
INFO: [ view_filter ] --START--
INFO: Run Behavior\WriteHtmlCacheBehavior [ RunTime:0.000357s ]
INFO: [ view_filter ] --END-- [ RunTime:0.000383s ]
INFO: [ app_end ] --START--
INFO: Run Behavior\ShowPageTraceBehavior [ RunTime:0.000669s ]
INFO: [ app_end ] --END-- [ RunTime:0.000700s ]

[ 2016-09-18T16:21:25+08:00 ] 127.0.0.1 /CuteMi/index.php/Admin/Index/is_open?is_open=2
INFO: [ app_begin ] --START--
INFO: Run Behavior\ReadHtmlCacheBehavior [ RunTime:0.000590s ]
INFO: [ app_begin ] --END-- [ RunTime:0.000897s ]
SQL: SHOW COLUMNS FROM `mi_close` [ RunTime:0.004229s ]
SQL: UPDATE `mi_close` SET `status`=2 WHERE ( close_id=1 ) [ RunTime:0.181787s ]
INFO: [ app_end ] --START--
INFO: Run Behavior\ShowPageTraceBehavior [ RunTime:0.000732s ]
INFO: [ app_end ] --END-- [ RunTime:0.000766s ]

[ 2016-09-18T18:15:13+08:00 ] 127.0.0.1 /CuteMi/index.php/Home/Index/bianli/typeid/57
INFO: [ app_begin ] --START--
INFO: Run Behavior\ReadHtmlCacheBehavior [ RunTime:0.000898s ]
INFO: [ app_begin ] --END-- [ RunTime:0.001530s ]
SQL: SHOW COLUMNS FROM `mi_close` [ RunTime:0.005772s ]
SQL: SELECT * FROM `mi_close` WHERE ( close_id = '1' ) LIMIT 1   [ RunTime:0.000273s ]
SQL: SHOW COLUMNS FROM `mi_type` [ RunTime:0.004512s ]
SQL: SELECT * FROM `mi_type` WHERE ( pid = 57 )  [ RunTime:0.000345s ]
SQL: SHOW COLUMNS FROM `mi_goods` [ RunTime:0.005828s ]
SQL: SELECT * FROM `mi_goods` WHERE ( typeid in(69,70,71) )  [ RunTime:0.000534s ]
INFO: [ view_parse ] --START--
INFO: [ template_filter ] --START--
INFO: Run Behavior\ContentReplaceBehavior [ RunTime:0.000048s ]
INFO: [ template_filter ] --END-- [ RunTime:0.000117s ]
INFO: Run Behavior\ParseTemplateBehavior [ RunTime:0.052430s ]
INFO: [ view_parse ] --END-- [ RunTime:0.052513s ]
INFO: [ view_filter ] --START--
INFO: Run Behavior\WriteHtmlCacheBehavior [ RunTime:0.000439s ]
INFO: [ view_filter ] --END-- [ RunTime:0.000484s ]
INFO: [ app_end ] --START--
INFO: Run Behavior\ShowPageTraceBehavior [ RunTime:0.000787s ]
INFO: [ app_end ] --END-- [ RunTime:0.000831s ]

[ 2016-09-18T18:15:13+08:00 ] 127.0.0.1 /CuteMi/index.php/Home/Index/bianli/typeid/58
INFO: [ app_begin ] --START--
INFO: Run Behavior\ReadHtmlCacheBehavior [ RunTime:0.001543s ]
INFO: [ app_begin ] --END-- [ RunTime:0.002152s ]
SQL: SHOW COLUMNS FROM `mi_close` [ RunTime:0.002760s ]
SQL: SELECT * FROM `mi_close` WHERE ( close_id = '1' ) LIMIT 1   [ RunTime:0.000391s ]
SQL: SHOW COLUMNS FROM `mi_type` [ RunTime:0.002850s ]
SQL: SELECT * FROM `mi_type` WHERE ( pid = 58 )  [ RunTime:0.000314s ]
SQL: SHOW COLUMNS FROM `mi_goods` [ RunTime:0.003410s ]
SQL: SELECT * FROM `mi_goods` WHERE ( typeid in(75,73,74) )  [ RunTime:0.000308s ]
INFO: [ view_parse ] --START--
INFO: [ template_filter ] --START--
INFO: Run Behavior\ContentReplaceBehavior [ RunTime:0.000030s ]
INFO: [ template_filter ] --END-- [ RunTime:0.000074s ]
INFO: Run Behavior\ParseTemplateBehavior [ RunTime:0.007154s ]
INFO: [ view_parse ] --END-- [ RunTime:0.007207s ]
INFO: [ view_filter ] --START--
INFO: Run Behavior\WriteHtmlCacheBehavior [ RunTime:0.000318s ]
INFO: [ view_filter ] --END-- [ RunTime:0.000347s ]
INFO: [ app_end ] --START--
INFO: Run Behavior\ShowPageTraceBehavior [ RunTime:0.000528s ]
INFO: [ app_end ] --END-- [ RunTime:0.000559s ]

[ 2016-09-18T18:15:16+08:00 ] 127.0.0.1 /CuteMi/index.php/Home/login/js/jquery-1.8.3.min.js
ERR: ÈùûÊ≥ïÊìç‰Ωú:js

[ 2016-09-18T18:15:16+08:00 ] 127.0.0.1 /CuteMi/index.php/Home/login/tick
ERR: ÈùûÊ≥ïÊìç‰Ωú:tick

[ 2016-09-18T18:15:16+08:00 ] 127.0.0.1 /CuteMi/index.php/Home/login/js/placeholder.js
ERR: ÈùûÊ≥ïÊìç‰Ωú:js

[ 2016-09-18T18:18:19+08:00 ] 127.0.0.1 /CuteMi/index.php/Home/login/js/jquery-1.8.3.min.js
ERR: ÈùûÊ≥ïÊìç‰Ωú:js

[ 2016-09-18T18:18:19+08:00 ] 127.0.0.1 /CuteMi/index.php/Home/login/tick
ERR: ÈùûÊ≥ïÊìç‰Ωú:tick

[ 2016-09-18T18:18:19+08:00 ] 127.0.0.1 /CuteMi/index.php/Home/login/js/placeholder.js
ERR: ÈùûÊ≥ïÊìç‰Ωú:js

[ 2016-09-18T18:18:38+08:00 ] 127.0.0.1 /CuteMi/index.php/Home/login/js/jquery-1.8.3.min.js
ERR: ÈùûÊ≥ïÊìç‰Ωú:js

[ 2016-09-18T18:18:38+08:00 ] 127.0.0.1 /CuteMi/index.php/Home/login/js/placeholder.js
ERR: ÈùûÊ≥ïÊìç‰Ωú:js

[ 2016-09-18T18:18:38+08:00 ] 127.0.0.1 /CuteMi/index.php/Home/login/tick
ERR: ÈùûÊ≥ïÊìç‰Ωú:tick

[ 2016-09-18T18:19:14+08:00 ] 127.0.0.1 /CuteMi/index.php/Home/login/js/jquery-1.8.3.min.js
ERR: ÈùûÊ≥ïÊìç‰Ωú:js

[ 2016-09-18T18:19:14+08:00 ] 127.0.0.1 /CuteMi/index.php/Home/login/tick
ERR: ÈùûÊ≥ïÊìç‰Ωú:tick

[ 2016-09-18T18:19:14+08:00 ] 127.0.0.1 /CuteMi/index.php/Home/login/js/placeholder.js
ERR: ÈùûÊ≥ïÊìç‰Ωú:js

[ 2016-09-18T18:20:45+08:00 ] 127.0.0.1 /CuteMi/index.php/Home/login/js/jquery-1.8.3.min.js
ERR: ÈùûÊ≥ïÊìç‰Ωú:js

[ 2016-09-18T18:20:45+08:00 ] 127.0.0.1 /CuteMi/index.php/Home/login/tick
ERR: ÈùûÊ≥ïÊìç‰Ωú:tick

[ 2016-09-18T18:20:46+08:00 ] 127.0.0.1 /CuteMi/index.php/Home/login/js/placeholder.js
ERR: ÈùûÊ≥ïÊìç‰Ωú:js

[ 2016-09-18T18:20:46+08:00 ] 127.0.0.1 /CuteMi/index.php/Home/login/js/jquery-1.8.3.min.js
ERR: ÈùûÊ≥ïÊìç‰Ωú:js

[ 2016-09-18T18:20:46+08:00 ] 127.0.0.1 /CuteMi/index.php/Home/login/tick
ERR: ÈùûÊ≥ïÊìç‰Ωú:tick

[ 2016-09-18T18:20:46+08:00 ] 127.0.0.1 /CuteMi/index.php/Home/login/js/placeholder.js
ERR: ÈùûÊ≥ïÊìç‰Ωú:js

[ 2016-09-18T18:21:10+08:00 ] 127.0.0.1 /CuteMi/index.php/Home/login/js/placeholder.js
ERR: ÈùûÊ≥ïÊìç‰Ωú:js

[ 2016-09-18T18:21:10+08:00 ] 127.0.0.1 /CuteMi/index.php/Home/login/tick
ERR: ÈùûÊ≥ïÊìç‰Ωú:tick

[ 2016-09-18T18:21:10+08:00 ] 127.0.0.1 /CuteMi/index.php/Home/login/js/jquery-1.8.3.min.js
ERR: ÈùûÊ≥ïÊìç‰Ωú:js

[ 2016-09-18T18:21:10+08:00 ] 127.0.0.1 /CuteMi/index.php/Home/login/js/placeholder.js
ERR: ÈùûÊ≥ïÊìç‰Ωú:js

[ 2016-09-18T18:22:17+08:00 ] 127.0.0.1 /Cutemi/index.php/Home/login/js/placeholder.js
ERR: ÈùûÊ≥ïÊìç‰Ωú:js

[ 2016-09-18T18:22:18+08:00 ] 127.0.0.1 /Cutemi/index.php/Home/login/js/jquery-1.8.3.min.js
ERR: ÈùûÊ≥ïÊìç‰Ωú:js

[ 2016-09-18T18:22:18+08:00 ] 127.0.0.1 /Cutemi/index.php/Home/login/tick
ERR: ÈùûÊ≥ïÊìç‰Ωú:tick

[ 2016-09-18T18:23:07+08:00 ] 127.0.0.1 /Cutemi/index.php/Home/login/js/placeholder.js
ERR: ÈùûÊ≥ïÊìç‰Ωú:js

[ 2016-09-18T18:23:07+08:00 ] 127.0.0.1 /Cutemi/index.php/Home/login/tick
ERR: ÈùûÊ≥ïÊìç‰Ωú:tick

[ 2016-09-18T18:23:07+08:00 ] 127.0.0.1 /Cutemi/index.php/Home/login/js/jquery-1.8.3.min.js
ERR: ÈùûÊ≥ïÊìç‰Ωú:js

[ 2016-09-18T18:23:09+08:00 ] 127.0.0.1 /Cutemi/index.php/Home/login/tick
ERR: ÈùûÊ≥ïÊìç‰Ωú:tick

[ 2016-09-18T18:23:09+08:00 ] 127.0.0.1 /Cutemi/index.php/Home/login/js/placeholder.js
ERR: ÈùûÊ≥ïÊìç‰Ωú:js

[ 2016-09-18T18:23:10+08:00 ] 127.0.0.1 /Cutemi/index.php/Home/login/js/jquery-1.8.3.min.js
ERR: ÈùûÊ≥ïÊìç‰Ωú:js

[ 2016-09-18T18:23:11+08:00 ] 127.0.0.1 /Cutemi/index.php/Home/login/js/placeholder.js
ERR: ÈùûÊ≥ïÊìç‰Ωú:js

[ 2016-09-18T18:23:11+08:00 ] 127.0.0.1 /Cutemi/index.php/Home/login/tick
ERR: ÈùûÊ≥ïÊìç‰Ωú:tick

[ 2016-09-18T18:23:11+08:00 ] 127.0.0.1 /Cutemi/index.php/Home/login/js/jquery-1.8.3.min.js
ERR: ÈùûÊ≥ïÊìç‰Ωú:js

[ 2016-09-18T18:23:12+08:00 ] 127.0.0.1 /Cutemi/index.php/Home/login/tick
ERR: ÈùûÊ≥ïÊìç‰Ωú:tick

[ 2016-09-18T18:23:12+08:00 ] 127.0.0.1 /Cutemi/index.php/Home/login/js/placeholder.js
ERR: ÈùûÊ≥ïÊìç‰Ωú:js

[ 2016-09-18T18:23:12+08:00 ] 127.0.0.1 /Cutemi/index.php/Home/login/js/jquery-1.8.3.min.js
ERR: ÈùûÊ≥ïÊìç‰Ωú:js

[ 2016-09-18T18:25:39+08:00 ] 127.0.0.1 /CuteMi/index.php/Home/BeforeCart/doattindex?gid=72&color=≥»…´
INFO: [ app_begin ] --START--
INFO: Run Behavior\ReadHtmlCacheBehavior [ RunTime:0.000460s ]
INFO: [ app_begin ] --END-- [ RunTime:0.000813s ]
SQL: SHOW COLUMNS FROM `mi_close` [ RunTime:0.026709s ]
SQL: SELECT * FROM `mi_close` WHERE ( close_id = '1' ) LIMIT 1   [ RunTime:0.000276s ]
NOTIC: [2] array_key_exists() expects parameter 2 to be array, string given H:\WWW\www\CuteMi\CuteMi\Home\Controller\BeforeCartController.class.php Á¨¨ 60 Ë°å.
SQL: SHOW COLUMNS FROM `mi_goods` [ RunTime:0.003878s ]
SQL: SELECT * FROM `mi_goods` WHERE ( gid = 72 ) LIMIT 1   [ RunTime:0.000337s ]
INFO: [ app_end ] --START--
INFO: Run Behavior\ShowPageTraceBehavior [ RunTime:0.000825s ]
INFO: [ app_end ] --END-- [ RunTime:0.000886s ]

[ 2016-09-18T18:26:19+08:00 ] 127.0.0.1 /CuteMi/index.php/Home/Cart/total?total=69
INFO: [ app_begin ] --START--
INFO: Run Behavior\ReadHtmlCacheBehavior [ RunTime:0.000475s ]
INFO: [ app_begin ] --END-- [ RunTime:0.000761s ]
SQL: SHOW COLUMNS FROM `mi_close` [ RunTime:0.004102s ]
SQL: SELECT * FROM `mi_close` WHERE ( close_id = '1' ) LIMIT 1   [ RunTime:0.000255s ]
INFO: [ app_end ] --START--
INFO: Run Behavior\ShowPageTraceBehavior [ RunTime:0.000536s ]
INFO: [ app_end ] --END-- [ RunTime:0.000567s ]

[ 2016-09-18T18:26:26+08:00 ] 127.0.0.1 /CuteMi/index.php/Home/Order/add
INFO: [ app_begin ] --START--
INFO: Run Behavior\ReadHtmlCacheBehavior [ RunTime:0.000546s ]
INFO: [ app_begin ] --END-- [ RunTime:0.000925s ]
SQL: SHOW COLUMNS FROM `mi_close` [ RunTime:0.053042s ]
SQL: SELECT * FROM `mi_close` WHERE ( close_id = '1' ) LIMIT 1   [ RunTime:0.000255s ]
SQL: SHOW COLUMNS FROM `mi_district` [ RunTime:0.004167s ]
SQL: SELECT * FROM `mi_district` WHERE ( `upid` = 0 )  [ RunTime:0.000434s ]

[ 2016-09-18T18:26:40+08:00 ] 127.0.0.1 /CuteMi/index.php/Home/Order/add
INFO: [ app_begin ] --START--
INFO: Run Behavior\ReadHtmlCacheBehavior [ RunTime:0.000439s ]
INFO: [ app_begin ] --END-- [ RunTime:0.000695s ]
SQL: SHOW COLUMNS FROM `mi_close` [ RunTime:0.004866s ]
SQL: SELECT * FROM `mi_close` WHERE ( close_id = '1' ) LIMIT 1   [ RunTime:0.000290s ]
SQL: SHOW COLUMNS FROM `mi_district` [ RunTime:0.003816s ]
SQL: SELECT * FROM `mi_district` WHERE ( `upid` = 3 )  [ RunTime:0.000342s ]

[ 2016-09-18T18:26:58+08:00 ] 127.0.0.1 /CuteMi/index.php/Home/Order/doaddress
INFO: [ app_begin ] --START--
INFO: Run Behavior\ReadHtmlCacheBehavior [ RunTime:0.000624s ]
INFO: [ app_begin ] --END-- [ RunTime:0.000970s ]
SQL: SHOW COLUMNS FROM `mi_close` [ RunTime:0.004749s ]
SQL: SELECT * FROM `mi_close` WHERE ( close_id = '1' ) LIMIT 1   [ RunTime:0.000315s ]
SQL: SHOW COLUMNS FROM `mi_district` [ RunTime:0.003498s ]
SQL: SELECT * FROM `mi_district` WHERE ( `id` = 73 ) LIMIT 1   [ RunTime:0.000284s ]
SQL: SHOW COLUMNS FROM `mi_address` [ RunTime:0.003649s ]
SQL: INSERT INTO `mi_address` (`name`,`mob_phone`,`is_district`,`address`,`code`,`tel_phone`,`is_default`,`uid`) VALUES ('xiaok','187135787000','Áü≥ÂÆ∂Â∫ÑÂ∏Ç','Ê≤≥ÂåóÂ§ßË°ó',6600,'','1',8) [ RunTime:0.000224s ]

[ 2016-09-18T18:27:12+08:00 ] 127.0.0.1 /CuteMi/index.php/Home/Order/money?money=69
INFO: [ app_begin ] --START--
INFO: Run Behavior\ReadHtmlCacheBehavior [ RunTime:0.000485s ]
INFO: [ app_begin ] --END-- [ RunTime:0.000790s ]
SQL: SHOW COLUMNS FROM `mi_close` [ RunTime:0.059720s ]
SQL: SELECT * FROM `mi_close` WHERE ( close_id = '1' ) LIMIT 1   [ RunTime:0.000270s ]
INFO: [ app_end ] --START--
INFO: Run Behavior\ShowPageTraceBehavior [ RunTime:0.000508s ]
INFO: [ app_end ] --END-- [ RunTime:0.000540s ]

[ 2016-09-18T18:28:50+08:00 ] 127.0.0.1 /Cutemi/index.php/Home/coupun/gain?id=15
INFO: [ app_begin ] --START--
INFO: Run Behavior\ReadHtmlCacheBehavior [ RunTime:0.000427s ]
INFO: [ app_begin ] --END-- [ RunTime:0.000720s ]
SQL: SHOW COLUMNS FROM `mi_close` [ RunTime:0.018652s ]
SQL: SELECT * FROM `mi_close` WHERE ( close_id = '1' ) LIMIT 1   [ RunTime:0.000227s ]
SQL: SHOW COLUMNS FROM `mi_coupun` [ RunTime:0.003220s ]
SQL: SELECT * FROM `mi_coupun` WHERE ( id = 15 ) LIMIT 1   [ RunTime:0.000284s ]
SQL: SHOW COLUMNS FROM `mi_coupun_detail` [ RunTime:0.003765s ]
SQL: SELECT * FROM `mi_coupun_detail` WHERE ( cid = 15 and uid = 8 ) LIMIT 1   [ RunTime:0.000253s ]
SQL: INSERT INTO `mi_coupun_detail` (`cid`,`uid`,`remove_time`,`title`,`num`,`status`) VALUES (15,8,'1461680774','Á±≥Á≤âËäÇÂ§ß‰ºòÊÉ†',88,0) [ RunTime:0.000183s ]
INFO: [ app_end ] --START--
INFO: Run Behavior\ShowPageTraceBehavior [ RunTime:0.000550s ]
INFO: [ app_end ] --END-- [ RunTime:0.000601s ]

[ 2016-09-18T18:28:52+08:00 ] 127.0.0.1 /Cutemi/index.php/Home/coupun/gain?id=18
INFO: [ app_begin ] --START--
INFO: Run Behavior\ReadHtmlCacheBehavior [ RunTime:0.000427s ]
INFO: [ app_begin ] --END-- [ RunTime:0.000706s ]
SQL: SHOW COLUMNS FROM `mi_close` [ RunTime:0.004086s ]
SQL: SELECT * FROM `mi_close` WHERE ( close_id = '1' ) LIMIT 1   [ RunTime:0.000248s ]
SQL: SHOW COLUMNS FROM `mi_coupun` [ RunTime:0.004008s ]
SQL: SELECT * FROM `mi_coupun` WHERE ( id = 18 ) LIMIT 1   [ RunTime:0.000300s ]
SQL: SHOW COLUMNS FROM `mi_coupun_detail` [ RunTime:0.004659s ]
SQL: SELECT * FROM `mi_coupun_detail` WHERE ( cid = 18 and uid = 8 ) LIMIT 1   [ RunTime:0.000368s ]
SQL: INSERT INTO `mi_coupun_detail` (`cid`,`uid`,`remove_time`,`title`,`num`,`status`) VALUES (18,8,'1461680951','ÁÇπÂáªÈ¢ÜÂèñ‰ºòÊÉ†Âç∑ËøòÁ≠â‰ªÄ‰πà',30,0) [ RunTime:0.000247s ]
INFO: [ app_end ] --START--
INFO: Run Behavior\ShowPageTraceBehavior [ RunTime:0.000545s ]
INFO: [ app_end ] --END-- [ RunTime:0.000576s ]

[ 2016-09-18T18:28:54+08:00 ] 127.0.0.1 /Cutemi/index.php/Home/coupun/gain?id=17
INFO: [ app_begin ] --START--
INFO: Run Behavior\ReadHtmlCacheBehavior [ RunTime:0.000552s ]
INFO: [ app_begin ] --END-- [ RunTime:0.000939s ]
SQL: SHOW COLUMNS FROM `mi_close` [ RunTime:0.005475s ]
SQL: SELECT * FROM `mi_close` WHERE ( close_id = '1' ) LIMIT 1   [ RunTime:0.000262s ]
SQL: SHOW COLUMNS FROM `mi_coupun` [ RunTime:0.003573s ]
SQL: SELECT * FROM `mi_coupun` WHERE ( id = 17 ) LIMIT 1   [ RunTime:0.000299s ]
SQL: SHOW COLUMNS FROM `mi_coupun_detail` [ RunTime:0.004347s ]
SQL: SELECT * FROM `mi_coupun_detail` WHERE ( cid = 17 and uid = 8 ) LIMIT 1   [ RunTime:0.000346s ]
SQL: INSERT INTO `mi_coupun_detail` (`cid`,`uid`,`remove_time`,`title`,`num`,`status`) VALUES (17,8,'1461680912','È¢Ü‰ºòÊÉ†Âç∑ ÁñØÁãÇË¥≠Áâ©Ë°ó',50,0) [ RunTime:0.000195s ]
INFO: [ app_end ] --START--
INFO: Run Behavior\ShowPageTraceBehavior [ RunTime:0.000773s ]
INFO: [ app_end ] --END-- [ RunTime:0.000816s ]

[ 2016-09-18T20:33:24+08:00 ] 127.0.0.1 /Cutemi/index.php/Home/Index/bianli/typeid/58
INFO: [ app_begin ] --START--
INFO: Run Behavior\ReadHtmlCacheBehavior [ RunTime:0.000672s ]
INFO: [ app_begin ] --END-- [ RunTime:0.000981s ]
SQL: SHOW COLUMNS FROM `mi_close` [ RunTime:0.006773s ]
SQL: SELECT * FROM `mi_close` WHERE ( close_id = '1' ) LIMIT 1   [ RunTime:0.000989s ]
SQL: SHOW COLUMNS FROM `mi_type` [ RunTime:0.005616s ]
SQL: SELECT * FROM `mi_type` WHERE ( pid = 58 )  [ RunTime:0.000250s ]
SQL: SHOW COLUMNS FROM `mi_goods` [ RunTime:0.005988s ]
SQL: SELECT * FROM `mi_goods` WHERE ( typeid in(75,73,74) )  [ RunTime:0.000376s ]
INFO: [ view_parse ] --START--
INFO: [ template_filter ] --START--
INFO: Run Behavior\ContentReplaceBehavior [ RunTime:0.000038s ]
INFO: [ template_filter ] --END-- [ RunTime:0.000099s ]
INFO: Run Behavior\ParseTemplateBehavior [ RunTime:0.009393s ]
INFO: [ view_parse ] --END-- [ RunTime:0.009467s ]
INFO: [ view_filter ] --START--
INFO: Run Behavior\WriteHtmlCacheBehavior [ RunTime:0.000496s ]
INFO: [ view_filter ] --END-- [ RunTime:0.000534s ]
INFO: [ app_end ] --START--
INFO: Run Behavior\ShowPageTraceBehavior [ RunTime:0.000610s ]
INFO: [ app_end ] --END-- [ RunTime:0.000644s ]

[ 2016-09-18T20:33:25+08:00 ] 127.0.0.1 /Cutemi/index.php/Home/Index/bianli/typeid/57
INFO: [ app_begin ] --START--
INFO: Run Behavior\ReadHtmlCacheBehavior [ RunTime:0.000481s ]
INFO: [ app_begin ] --END-- [ RunTime:0.000767s ]
SQL: SHOW COLUMNS FROM `mi_close` [ RunTime:0.002825s ]
SQL: SELECT * FROM `mi_close` WHERE ( close_id = '1' ) LIMIT 1   [ RunTime:0.000266s ]
SQL: SHOW COLUMNS FROM `mi_type` [ RunTime:0.002750s ]
SQL: SELECT * FROM `mi_type` WHERE ( pid = 57 )  [ RunTime:0.000265s ]
SQL: SHOW COLUMNS FROM `mi_goods` [ RunTime:0.003134s ]
SQL: SELECT * FROM `mi_goods` WHERE ( typeid in(69,70,71) )  [ RunTime:0.000316s ]
INFO: [ view_parse ] --START--
INFO: [ template_filter ] --START--
INFO: Run Behavior\ContentReplaceBehavior [ RunTime:0.000030s ]
INFO: [ template_filter ] --END-- [ RunTime:0.000071s ]
INFO: Run Behavior\ParseTemplateBehavior [ RunTime:0.008797s ]
INFO: [ view_parse ] --END-- [ RunTime:0.008863s ]
INFO: [ view_filter ] --START--
INFO: Run Behavior\WriteHtmlCacheBehavior [ RunTime:0.000517s ]
INFO: [ view_filter ] --END-- [ RunTime:0.001295s ]
INFO: [ app_end ] --START--
INFO: Run Behavior\ShowPageTraceBehavior [ RunTime:0.000718s ]
INFO: [ app_end ] --END-- [ RunTime:0.000769s ]

[ 2016-09-18T20:33:25+08:00 ] 127.0.0.1 /Cutemi/index.php/Home/Index/bianli/typeid/56
INFO: [ app_begin ] --START--
INFO: Run Behavior\ReadHtmlCacheBehavior [ RunTime:0.000620s ]
INFO: [ app_begin ] --END-- [ RunTime:0.000992s ]
SQL: SHOW COLUMNS FROM `mi_close` [ RunTime:0.004085s ]
SQL: SELECT * FROM `mi_close` WHERE ( close_id = '1' ) LIMIT 1   [ RunTime:0.000303s ]
SQL: SHOW COLUMNS FROM `mi_type` [ RunTime:0.003926s ]
SQL: SELECT * FROM `mi_type` WHERE ( pid = 56 )  [ RunTime:0.000275s ]
SQL: SHOW COLUMNS FROM `mi_goods` [ RunTime:0.003820s ]
SQL: SELECT * FROM `mi_goods` WHERE ( typeid in(68,67,64,66) )  [ RunTime:0.000307s ]
INFO: [ view_parse ] --START--
INFO: [ template_filter ] --START--
INFO: Run Behavior\ContentReplaceBehavior [ RunTime:0.000043s ]
INFO: [ template_filter ] --END-- [ RunTime:0.000093s ]
INFO: Run Behavior\ParseTemplateBehavior [ RunTime:0.005731s ]
INFO: [ view_parse ] --END-- [ RunTime:0.005783s ]
INFO: [ view_filter ] --START--
INFO: Run Behavior\WriteHtmlCacheBehavior [ RunTime:0.000233s ]
INFO: [ view_filter ] --END-- [ RunTime:0.000260s ]
INFO: [ app_end ] --START--
INFO: Run Behavior\ShowPageTraceBehavior [ RunTime:0.000450s ]
INFO: [ app_end ] --END-- [ RunTime:0.000478s ]

[ 2016-09-18T20:33:26+08:00 ] 127.0.0.1 /Cutemi/index.php/Home/Index/bianli/typeid/53
INFO: [ app_begin ] --START--
INFO: Run Behavior\ReadHtmlCacheBehavior [ RunTime:0.000646s ]
INFO: [ app_begin ] --END-- [ RunTime:0.001026s ]
SQL: SHOW COLUMNS FROM `mi_close` [ RunTime:0.005302s ]
SQL: SELECT * FROM `mi_close` WHERE ( close_id = '1' ) LIMIT 1   [ RunTime:0.000429s ]
SQL: SHOW COLUMNS FROM `mi_type` [ RunTime:0.004911s ]
SQL: SELECT * FROM `mi_type` WHERE ( pid = 53 )  [ RunTime:0.000292s ]
SQL: SHOW COLUMNS FROM `mi_goods` [ RunTime:0.003623s ]
SQL: SELECT * FROM `mi_goods` WHERE ( typeid in(60,61,62,63,77) )  [ RunTime:0.000319s ]
INFO: [ view_parse ] --START--
INFO: [ template_filter ] --START--
INFO: Run Behavior\ContentReplaceBehavior [ RunTime:0.000047s ]
INFO: [ template_filter ] --END-- [ RunTime:0.000115s ]
INFO: Run Behavior\ParseTemplateBehavior [ RunTime:0.007323s ]
INFO: [ view_parse ] --END-- [ RunTime:0.007407s ]
INFO: [ view_filter ] --START--
INFO: Run Behavior\WriteHtmlCacheBehavior [ RunTime:0.000286s ]
INFO: [ view_filter ] --END-- [ RunTime:0.000313s ]
INFO: [ app_end ] --START--
INFO: Run Behavior\ShowPageTraceBehavior [ RunTime:0.000632s ]
INFO: [ app_end ] --END-- [ RunTime:0.000683s ]

[ 2016-09-18T20:35:25+08:00 ] 127.0.0.1 /Cutemi/index.php/Home/Index/bianli/typeid/57
INFO: [ app_begin ] --START--
INFO: Run Behavior\ReadHtmlCacheBehavior [ RunTime:0.000668s ]
INFO: [ app_begin ] --END-- [ RunTime:0.001071s ]
SQL: SHOW COLUMNS FROM `mi_close` [ RunTime:0.004253s ]
SQL: SELECT * FROM `mi_close` WHERE ( close_id = '1' ) LIMIT 1   [ RunTime:0.000299s ]
SQL: SHOW COLUMNS FROM `mi_type` [ RunTime:0.005538s ]
SQL: SELECT * FROM `mi_type` WHERE ( pid = 57 )  [ RunTime:0.000275s ]
SQL: SHOW COLUMNS FROM `mi_goods` [ RunTime:0.003774s ]
SQL: SELECT * FROM `mi_goods` WHERE ( typeid in(69,70,71) )  [ RunTime:0.000322s ]
INFO: [ view_parse ] --START--
INFO: [ template_filter ] --START--
INFO: Run Behavior\ContentReplaceBehavior [ RunTime:0.000030s ]
INFO: [ template_filter ] --END-- [ RunTime:0.000072s ]
INFO: Run Behavior\ParseTemplateBehavior [ RunTime:0.006617s ]
INFO: [ view_parse ] --END-- [ RunTime:0.006662s ]
INFO: [ view_filter ] --START--
INFO: Run Behavior\WriteHtmlCacheBehavior [ RunTime:0.000256s ]
INFO: [ view_filter ] --END-- [ RunTime:0.000292s ]
INFO: [ app_end ] --START--
INFO: Run Behavior\ShowPageTraceBehavior [ RunTime:0.000586s ]
INFO: [ app_end ] --END-- [ RunTime:0.000618s ]

[ 2016-09-18T20:35:26+08:00 ] 127.0.0.1 /Cutemi/index.php/Home/Index/bianli/typeid/58
INFO: [ app_begin ] --START--
INFO: Run Behavior\ReadHtmlCacheBehavior [ RunTime:0.000425s ]
INFO: [ app_begin ] --END-- [ RunTime:0.000709s ]
SQL: SHOW COLUMNS FROM `mi_close` [ RunTime:0.003947s ]
SQL: SELECT * FROM `mi_close` WHERE ( close_id = '1' ) LIMIT 1   [ RunTime:0.000236s ]
SQL: SHOW COLUMNS FROM `mi_type` [ RunTime:0.004353s ]
SQL: SELECT * FROM `mi_type` WHERE ( pid = 58 )  [ RunTime:0.000276s ]
SQL: SHOW COLUMNS FROM `mi_goods` [ RunTime:0.004860s ]
SQL: SELECT * FROM `mi_goods` WHERE ( typeid in(75,73,74) )  [ RunTime:0.000421s ]
INFO: [ view_parse ] --START--
INFO: [ template_filter ] --START--
INFO: Run Behavior\ContentReplaceBehavior [ RunTime:0.000030s ]
INFO: [ template_filter ] --END-- [ RunTime:0.000078s ]
INFO: Run Behavior\ParseTemplateBehavior [ RunTime:0.006128s ]
INFO: [ view_parse ] --END-- [ RunTime:0.006204s ]
INFO: [ view_filter ] --START--
INFO: Run Behavior\WriteHtmlCacheBehavior [ RunTime:0.000180s ]
INFO: [ view_filter ] --END-- [ RunTime:0.000207s ]
INFO: [ app_end ] --START--
INFO: Run Behavior\ShowPageTraceBehavior [ RunTime:0.000419s ]
INFO: [ app_end ] --END-- [ RunTime:0.000457s ]

[ 2016-09-18T20:35:27+08:00 ] 127.0.0.1 /Cutemi/index.php/Home/Index/bianli/typeid/58
INFO: [ app_begin ] --START--
INFO: Run Behavior\ReadHtmlCacheBehavior [ RunTime:0.000539s ]
INFO: [ app_begin ] --END-- [ RunTime:0.000863s ]
SQL: SHOW COLUMNS FROM `mi_close` [ RunTime:0.006653s ]
SQL: SELECT * FROM `mi_close` WHERE ( close_id = '1' ) LIMIT 1   [ RunTime:0.000900s ]
SQL: SHOW COLUMNS FROM `mi_type` [ RunTime:0.008113s ]
SQL: SELECT * FROM `mi_type` WHERE ( pid = 58 )  [ RunTime:0.000383s ]
SQL: SHOW COLUMNS FROM `mi_goods` [ RunTime:0.007722s ]
SQL: SELECT * FROM `mi_goods` WHERE ( typeid in(75,73,74) )  [ RunTime:0.000501s ]
INFO: [ view_parse ] --START--
INFO: [ template_filter ] --START--
INFO: Run Behavior\ContentReplaceBehavior [ RunTime:0.000033s ]
INFO: [ template_filter ] --END-- [ RunTime:0.000078s ]
INFO: Run Behavior\ParseTemplateBehavior [ RunTime:0.009775s ]
INFO: [ view_parse ] --END-- [ RunTime:0.009839s ]
INFO: [ view_filter ] --START--
INFO: Run Behavior\WriteHtmlCacheBehavior [ RunTime:0.000273s ]
INFO: [ view_filter ] --END-- [ RunTime:0.000316s ]
INFO: [ app_end ] --START--
INFO: Run Behavior\ShowPageTraceBehavior [ RunTime:0.000625s ]
INFO: [ app_end ] --END-- [ RunTime:0.000676s ]

[ 2016-09-18T20:35:27+08:00 ] 127.0.0.1 /Cutemi/index.php/Home/Index/bianli/typeid/56
INFO: [ app_begin ] --START--
INFO: Run Behavior\ReadHtmlCacheBehavior [ RunTime:0.000589s ]
INFO: [ app_begin ] --END-- [ RunTime:0.000966s ]
SQL: SHOW COLUMNS FROM `mi_close` [ RunTime:0.003563s ]
SQL: SELECT * FROM `mi_close` WHERE ( close_id = '1' ) LIMIT 1   [ RunTime:0.000317s ]
SQL: SHOW COLUMNS FROM `mi_type` [ RunTime:0.004645s ]
SQL: SELECT * FROM `mi_type` WHERE ( pid = 56 )  [ RunTime:0.000299s ]
SQL: SHOW COLUMNS FROM `mi_goods` [ RunTime:0.003314s ]
SQL: SELECT * FROM `mi_goods` WHERE ( typeid in(68,67,64,66) )  [ RunTime:0.000352s ]
INFO: [ view_parse ] --START--
INFO: [ template_filter ] --START--
INFO: Run Behavior\ContentReplaceBehavior [ RunTime:0.000033s ]
INFO: [ template_filter ] --END-- [ RunTime:0.000071s ]
INFO: Run Behavior\ParseTemplateBehavior [ RunTime:0.006572s ]
INFO: [ view_parse ] --END-- [ RunTime:0.006628s ]
INFO: [ view_filter ] --START--
INFO: Run Behavior\WriteHtmlCacheBehavior [ RunTime:0.000334s ]
INFO: [ view_filter ] --END-- [ RunTime:0.000374s ]
INFO: [ app_end ] --START--
INFO: Run Behavior\ShowPageTraceBehavior [ RunTime:0.000665s ]
INFO: [ app_end ] --END-- [ RunTime:0.000708s ]

[ 2016-09-18T20:35:27+08:00 ] 127.0.0.1 /Cutemi/index.php/Home/Index/bianli/typeid/57
INFO: [ app_begin ] --START--
INFO: Run Behavior\ReadHtmlCacheBehavior [ RunTime:0.001011s ]
INFO: [ app_begin ] --END-- [ RunTime:0.001522s ]
SQL: SHOW COLUMNS FROM `mi_close` [ RunTime:0.003084s ]
SQL: SELECT * FROM `mi_close` WHERE ( close_id = '1' ) LIMIT 1   [ RunTime:0.000251s ]
SQL: SHOW COLUMNS FROM `mi_type` [ RunTime:0.002813s ]
SQL: SELECT * FROM `mi_type` WHERE ( pid = 57 )  [ RunTime:0.000232s ]
SQL: SHOW COLUMNS FROM `mi_goods` [ RunTime:0.003471s ]
SQL: SELECT * FROM `mi_goods` WHERE ( typeid in(69,70,71) )  [ RunTime:0.000309s ]
INFO: [ view_parse ] --START--
INFO: [ template_filter ] --START--
INFO: Run Behavior\ContentReplaceBehavior [ RunTime:0.000039s ]
INFO: [ template_filter ] --END-- [ RunTime:0.000089s ]
INFO: Run Behavior\ParseTemplateBehavior [ RunTime:0.007884s ]
INFO: [ view_parse ] --END-- [ RunTime:0.007936s ]
INFO: [ view_filter ] --START--
INFO: Run Behavior\WriteHtmlCacheBehavior [ RunTime:0.000395s ]
INFO: [ view_filter ] --END-- [ RunTime:0.000427s ]
INFO: [ app_end ] --START--
INFO: Run Behavior\ShowPageTraceBehavior [ RunTime:0.000590s ]
INFO: [ app_end ] --END-- [ RunTime:0.000624s ]

[ 2016-09-18T20:35:28+08:00 ] 127.0.0.1 /Cutemi/index.php/Home/Index/bianli/typeid/53
INFO: [ app_begin ] --START--
INFO: Run Behavior\ReadHtmlCacheBehavior [ RunTime:0.000544s ]
INFO: [ app_begin ] --END-- [ RunTime:0.000858s ]
SQL: SHOW COLUMNS FROM `mi_close` [ RunTime:0.004811s ]
SQL: SELECT * FROM `mi_close` WHERE ( close_id = '1' ) LIMIT 1   [ RunTime:0.000272s ]
SQL: SHOW COLUMNS FROM `mi_type` [ RunTime:0.003615s ]
SQL: SELECT * FROM `mi_type` WHERE ( pid = 53 )  [ RunTime:0.000254s ]
SQL: SHOW COLUMNS FROM `mi_goods` [ RunTime:0.003457s ]
SQL: SELECT * FROM `mi_goods` WHERE ( typeid in(60,61,62,63,77) )  [ RunTime:0.000289s ]
INFO: [ view_parse ] --START--
INFO: [ template_filter ] --START--
INFO: Run Behavior\ContentReplaceBehavior [ RunTime:0.000028s ]
INFO: [ template_filter ] --END-- [ RunTime:0.000093s ]
INFO: Run Behavior\ParseTemplateBehavior [ RunTime:0.006154s ]
INFO: [ view_parse ] --END-- [ RunTime:0.006210s ]
INFO: [ view_filter ] --START--
INFO: Run Behavior\WriteHtmlCacheBehavior [ RunTime:0.000284s ]
INFO: [ view_filter ] --END-- [ RunTime:0.000321s ]
INFO: [ app_end ] --START--
INFO: Run Behavior\ShowPageTraceBehavior [ RunTime:0.000496s ]
INFO: [ app_end ] --END-- [ RunTime:0.000525s ]

[ 2016-09-18T20:36:01+08:00 ] 127.0.0.1 /Cutemi/index.php/Home/Index/bianli/typeid/58
INFO: [ app_begin ] --START--
INFO: Run Behavior\ReadHtmlCacheBehavior [ RunTime:0.000392s ]
INFO: [ app_begin ] --END-- [ RunTime:0.000681s ]
SQL: SHOW COLUMNS FROM `mi_close` [ RunTime:0.014827s ]
SQL: SELECT * FROM `mi_close` WHERE ( close_id = '1' ) LIMIT 1   [ RunTime:0.000284s ]
SQL: SHOW COLUMNS FROM `mi_type` [ RunTime:0.003407s ]
SQL: SELECT * FROM `mi_type` WHERE ( pid = 58 )  [ RunTime:0.000306s ]
SQL: SHOW COLUMNS FROM `mi_goods` [ RunTime:0.003857s ]
SQL: SELECT * FROM `mi_goods` WHERE ( typeid in(75,73,74) )  [ RunTime:0.000314s ]
INFO: [ view_parse ] --START--
INFO: [ template_filter ] --START--
INFO: Run Behavior\ContentReplaceBehavior [ RunTime:0.000047s ]
INFO: [ template_filter ] --END-- [ RunTime:0.000093s ]
INFO: Run Behavior\ParseTemplateBehavior [ RunTime:0.005282s ]
INFO: [ view_parse ] --END-- [ RunTime:0.005322s ]
INFO: [ view_filter ] --START--
INFO: Run Behavior\WriteHtmlCacheBehavior [ RunTime:0.000163s ]
INFO: [ view_filter ] --END-- [ RunTime:0.000189s ]
INFO: [ app_end ] --START--
INFO: Run Behavior\ShowPageTraceBehavior [ RunTime:0.000387s ]
INFO: [ app_end ] --END-- [ RunTime:0.000415s ]

[ 2016-09-18T20:36:01+08:00 ] 127.0.0.1 /Cutemi/index.php/Home/Index/bianli/typeid/57
INFO: [ app_begin ] --START--
INFO: Run Behavior\ReadHtmlCacheBehavior [ RunTime:0.000767s ]
INFO: [ app_begin ] --END-- [ RunTime:0.001078s ]
SQL: SHOW COLUMNS FROM `mi_close` [ RunTime:0.002751s ]
SQL: SELECT * FROM `mi_close` WHERE ( close_id = '1' ) LIMIT 1   [ RunTime:0.000278s ]
SQL: SHOW COLUMNS FROM `mi_type` [ RunTime:0.003382s ]
SQL: SELECT * FROM `mi_type` WHERE ( pid = 57 )  [ RunTime:0.000294s ]
SQL: SHOW COLUMNS FROM `mi_goods` [ RunTime:0.002965s ]
SQL: SELECT * FROM `mi_goods` WHERE ( typeid in(69,70,71) )  [ RunTime:0.000313s ]
INFO: [ view_parse ] --START--
INFO: [ template_filter ] --START--
INFO: Run Behavior\ContentReplaceBehavior [ RunTime:0.000027s ]
INFO: [ template_filter ] --END-- [ RunTime:0.000061s ]
INFO: Run Behavior\ParseTemplateBehavior [ RunTime:0.006007s ]
INFO: [ view_parse ] --END-- [ RunTime:0.006050s ]
INFO: [ view_filter ] --START--
INFO: Run Behavior\WriteHtmlCacheBehavior [ RunTime:0.000370s ]
INFO: [ view_filter ] --END-- [ RunTime:0.000398s ]
INFO: [ app_end ] --START--
INFO: Run Behavior\ShowPageTraceBehavior [ RunTime:0.000684s ]
INFO: [ app_end ] --END-- [ RunTime:0.000723s ]

[ 2016-09-18T20:36:04+08:00 ] 127.0.0.1 /Cutemi/index.php/Home/Index/bianli/typeid/58
INFO: [ app_begin ] --START--
INFO: Run Behavior\ReadHtmlCacheBehavior [ RunTime:0.000646s ]
INFO: [ app_begin ] --END-- [ RunTime:0.000998s ]
SQL: SHOW COLUMNS FROM `mi_close` [ RunTime:0.006899s ]
SQL: SELECT * FROM `mi_close` WHERE ( close_id = '1' ) LIMIT 1   [ RunTime:0.000321s ]
SQL: SHOW COLUMNS FROM `mi_type` [ RunTime:0.004439s ]
SQL: SELECT * FROM `mi_type` WHERE ( pid = 58 )  [ RunTime:0.000317s ]
SQL: SHOW COLUMNS FROM `mi_goods` [ RunTime:0.003798s ]
SQL: SELECT * FROM `mi_goods` WHERE ( typeid in(75,73,74) )  [ RunTime:0.000692s ]
INFO: [ view_parse ] --START--
INFO: [ template_filter ] --START--
INFO: Run Behavior\ContentReplaceBehavior [ RunTime:0.000029s ]
INFO: [ template_filter ] --END-- [ RunTime:0.000070s ]
INFO: Run Behavior\ParseTemplateBehavior [ RunTime:0.007833s ]
INFO: [ view_parse ] --END-- [ RunTime:0.007971s ]
INFO: [ view_filter ] --START--
INFO: Run Behavior\WriteHtmlCacheBehavior [ RunTime:0.000381s ]
INFO: [ view_filter ] --END-- [ RunTime:0.000414s ]
INFO: [ app_end ] --START--
INFO: Run Behavior\ShowPageTraceBehavior [ RunTime:0.000618s ]
INFO: [ app_end ] --END-- [ RunTime:0.000652s ]

[ 2016-09-18T20:44:16+08:00 ] 127.0.0.1 /Cutemi/index.php/Home/Index/bianli/typeid/57
INFO: [ app_begin ] --START--
INFO: Run Behavior\ReadHtmlCacheBehavior [ RunTime:0.000623s ]
INFO: [ app_begin ] --END-- [ RunTime:0.000921s ]
SQL: SHOW COLUMNS FROM `mi_close` [ RunTime:0.004785s ]
SQL: SELECT * FROM `mi_close` WHERE ( close_id = '1' ) LIMIT 1   [ RunTime:0.000253s ]
SQL: SHOW COLUMNS FROM `mi_type` [ RunTime:0.003726s ]
SQL: SELECT * FROM `mi_type` WHERE ( pid = 57 )  [ RunTime:0.000301s ]
SQL: SHOW COLUMNS FROM `mi_goods` [ RunTime:0.003947s ]
SQL: SELECT * FROM `mi_goods` WHERE ( typeid in(69,70,71) )  [ RunTime:0.000328s ]
INFO: [ view_parse ] --START--
INFO: [ template_filter ] --START--
INFO: Run Behavior\ContentReplaceBehavior [ RunTime:0.000031s ]
INFO: [ template_filter ] --END-- [ RunTime:0.000081s ]
INFO: Run Behavior\ParseTemplateBehavior [ RunTime:0.006308s ]
INFO: [ view_parse ] --END-- [ RunTime:0.006359s ]
INFO: [ view_filter ] --START--
INFO: Run Behavior\WriteHtmlCacheBehavior [ RunTime:0.000389s ]
INFO: [ view_filter ] --END-- [ RunTime:0.000418s ]
INFO: [ app_end ] --START--
INFO: Run Behavior\ShowPageTraceBehavior [ RunTime:0.000611s ]
INFO: [ app_end ] --END-- [ RunTime:0.000643s ]

[ 2016-09-18T20:44:16+08:00 ] 127.0.0.1 /Cutemi/index.php/Home/Index/bianli/typeid/56
INFO: [ app_begin ] --START--
INFO: Run Behavior\ReadHtmlCacheBehavior [ RunTime:0.000768s ]
INFO: [ app_begin ] --END-- [ RunTime:0.001132s ]
SQL: SHOW COLUMNS FROM `mi_close` [ RunTime:0.003277s ]
SQL: SELECT * FROM `mi_close` WHERE ( close_id = '1' ) LIMIT 1   [ RunTime:0.000285s ]
SQL: SHOW COLUMNS FROM `mi_type` [ RunTime:0.003350s ]
SQL: SELECT * FROM `mi_type` WHERE ( pid = 56 )  [ RunTime:0.000284s ]
SQL: SHOW COLUMNS FROM `mi_goods` [ RunTime:0.002931s ]
SQL: SELECT * FROM `mi_goods` WHERE ( typeid in(68,67,64,66) )  [ RunTime:0.000314s ]
INFO: [ view_parse ] --START--
INFO: [ template_filter ] --START--
INFO: Run Behavior\ContentReplaceBehavior [ RunTime:0.000028s ]
INFO: [ template_filter ] --END-- [ RunTime:0.000124s ]
INFO: Run Behavior\ParseTemplateBehavior [ RunTime:0.006306s ]
INFO: [ view_parse ] --END-- [ RunTime:0.006357s ]
INFO: [ view_filter ] --START--
INFO: Run Behavior\WriteHtmlCacheBehavior [ RunTime:0.000376s ]
INFO: [ view_filter ] --END-- [ RunTime:0.000404s ]
INFO: [ app_end ] --START--
INFO: Run Behavior\ShowPageTraceBehavior [ RunTime:0.000688s ]
INFO: [ app_end ] --END-- [ RunTime:0.000738s ]

[ 2016-09-18T20:44:20+08:00 ] 127.0.0.1 /Cutemi/index.php/Home/Index/bianli/typeid/57
INFO: [ app_begin ] --START--
INFO: Run Behavior\ReadHtmlCacheBehavior [ RunTime:0.000533s ]
INFO: [ app_begin ] --END-- [ RunTime:0.000892s ]
SQL: SHOW COLUMNS FROM `mi_close` [ RunTime:0.005806s ]
SQL: SELECT * FROM `mi_close` WHERE ( close_id = '1' ) LIMIT 1   [ RunTime:0.000272s ]
SQL: SHOW COLUMNS FROM `mi_type` [ RunTime:0.004000s ]
SQL: SELECT * FROM `mi_type` WHERE ( pid = 57 )  [ RunTime:0.000373s ]
SQL: SHOW COLUMNS FROM `mi_goods` [ RunTime:0.004155s ]
SQL: SELECT * FROM `mi_goods` WHERE ( typeid in(69,70,71) )  [ RunTime:0.000347s ]
INFO: [ view_parse ] --START--
INFO: [ template_filter ] --START--
INFO: Run Behavior\ContentReplaceBehavior [ RunTime:0.000045s ]
INFO: [ template_filter ] --END-- [ RunTime:0.000112s ]
INFO: Run Behavior\ParseTemplateBehavior [ RunTime:0.008865s ]
INFO: [ view_parse ] --END-- [ RunTime:0.008931s ]
INFO: [ view_filter ] --START--
INFO: Run Behavior\WriteHtmlCacheBehavior [ RunTime:0.000388s ]
INFO: [ view_filter ] --END-- [ RunTime:0.000433s ]
INFO: [ app_end ] --START--
INFO: Run Behavior\ShowPageTraceBehavior [ RunTime:0.000755s ]
INFO: [ app_end ] --END-- [ RunTime:0.000807s ]

