[ 2016-09-26T10:40:47+08:00 ] 127.0.0.1 /CuteMi/index.php/Home/Index/bianli/typeid/58
INFO: [ app_begin ] --START--
INFO: Run Behavior\ReadHtmlCacheBehavior [ RunTime:0.001459s ]
INFO: [ app_begin ] --END-- [ RunTime:0.002259s ]
SQL: SHOW COLUMNS FROM `mi_close` [ RunTime:0.017769s ]
SQL: SELECT * FROM `mi_close` WHERE ( close_id = '1' ) LIMIT 1   [ RunTime:0.000299s ]
SQL: SHOW COLUMNS FROM `mi_type` [ RunTime:0.003647s ]
SQL: SELECT * FROM `mi_type` WHERE ( pid = 58 )  [ RunTime:0.000282s ]
SQL: SHOW COLUMNS FROM `mi_goods` [ RunTime:0.005025s ]
SQL: SELECT * FROM `mi_goods` WHERE ( typeid in(75,73,74) )  [ RunTime:0.031014s ]
INFO: [ view_parse ] --START--
INFO: [ template_filter ] --START--
INFO: Run Behavior\ContentReplaceBehavior [ RunTime:0.000028s ]
INFO: [ template_filter ] --END-- [ RunTime:0.000066s ]
INFO: Run Behavior\ParseTemplateBehavior [ RunTime:0.009293s ]
INFO: [ view_parse ] --END-- [ RunTime:0.009342s ]
INFO: [ view_filter ] --START--
INFO: Run Behavior\WriteHtmlCacheBehavior [ RunTime:0.000429s ]
INFO: [ view_filter ] --END-- [ RunTime:0.000458s ]
INFO: [ app_end ] --START--
INFO: Run Behavior\ShowPageTraceBehavior [ RunTime:0.000588s ]
INFO: [ app_end ] --END-- [ RunTime:0.000617s ]

[ 2016-09-26T10:40:48+08:00 ] 127.0.0.1 /CuteMi/index.php/Home/Index/bianli/typeid/57
INFO: [ app_begin ] --START--
INFO: Run Behavior\ReadHtmlCacheBehavior [ RunTime:0.000540s ]
INFO: [ app_begin ] --END-- [ RunTime:0.000922s ]
SQL: SHOW COLUMNS FROM `mi_close` [ RunTime:0.200793s ]
SQL: SELECT * FROM `mi_close` WHERE ( close_id = '1' ) LIMIT 1   [ RunTime:0.000268s ]
SQL: SHOW COLUMNS FROM `mi_type` [ RunTime:0.003593s ]
SQL: SELECT * FROM `mi_type` WHERE ( pid = 57 )  [ RunTime:0.000296s ]
SQL: SHOW COLUMNS FROM `mi_goods` [ RunTime:0.003830s ]
SQL: SELECT * FROM `mi_goods` WHERE ( typeid in(69,70,71) )  [ RunTime:0.000325s ]
INFO: [ view_parse ] --START--
INFO: [ template_filter ] --START--
INFO: Run Behavior\ContentReplaceBehavior [ RunTime:0.000040s ]
INFO: [ template_filter ] --END-- [ RunTime:0.000088s ]
INFO: Run Behavior\ParseTemplateBehavior [ RunTime:0.006431s ]
INFO: [ view_parse ] --END-- [ RunTime:0.006477s ]
INFO: [ view_filter ] --START--
INFO: Run Behavior\WriteHtmlCacheBehavior [ RunTime:0.000283s ]
INFO: [ view_filter ] --END-- [ RunTime:0.000309s ]
INFO: [ app_end ] --START--
INFO: Run Behavior\ShowPageTraceBehavior [ RunTime:0.000582s ]
INFO: [ app_end ] --END-- [ RunTime:0.000612s ]

[ 2016-09-26T10:40:49+08:00 ] 127.0.0.1 /CuteMi/index.php/Home/Index/bianli/typeid/56
INFO: [ app_begin ] --START--
INFO: Run Behavior\ReadHtmlCacheBehavior [ RunTime:0.000690s ]
INFO: [ app_begin ] --END-- [ RunTime:0.001004s ]
SQL: SHOW COLUMNS FROM `mi_close` [ RunTime:0.009375s ]
SQL: SELECT * FROM `mi_close` WHERE ( close_id = '1' ) LIMIT 1   [ RunTime:0.000387s ]
SQL: SHOW COLUMNS FROM `mi_type` [ RunTime:0.003932s ]
SQL: SELECT * FROM `mi_type` WHERE ( pid = 56 )  [ RunTime:0.000295s ]
SQL: SHOW COLUMNS FROM `mi_goods` [ RunTime:0.004891s ]
SQL: SELECT * FROM `mi_goods` WHERE ( typeid in(68,67,64,66) )  [ RunTime:0.000357s ]
INFO: [ view_parse ] --START--
INFO: [ template_filter ] --START--
INFO: Run Behavior\ContentReplaceBehavior [ RunTime:0.000029s ]
INFO: [ template_filter ] --END-- [ RunTime:0.000096s ]
INFO: Run Behavior\ParseTemplateBehavior [ RunTime:0.006644s ]
INFO: [ view_parse ] --END-- [ RunTime:0.006694s ]
INFO: [ view_filter ] --START--
INFO: Run Behavior\WriteHtmlCacheBehavior [ RunTime:0.000441s ]
INFO: [ view_filter ] --END-- [ RunTime:0.000471s ]
INFO: [ app_end ] --START--
INFO: Run Behavior\ShowPageTraceBehavior [ RunTime:0.000776s ]
INFO: [ app_end ] --END-- [ RunTime:0.000812s ]

[ 2016-09-26T10:40:50+08:00 ] 127.0.0.1 /CuteMi/index.php/Home/Index/bianli/typeid/57
INFO: [ app_begin ] --START--
INFO: Run Behavior\ReadHtmlCacheBehavior [ RunTime:0.000572s ]
INFO: [ app_begin ] --END-- [ RunTime:0.000952s ]
SQL: SHOW COLUMNS FROM `mi_close` [ RunTime:0.004983s ]
SQL: SELECT * FROM `mi_close` WHERE ( close_id = '1' ) LIMIT 1   [ RunTime:0.000411s ]
SQL: SHOW COLUMNS FROM `mi_type` [ RunTime:0.004826s ]
SQL: SELECT * FROM `mi_type` WHERE ( pid = 57 )  [ RunTime:0.000414s ]
SQL: SHOW COLUMNS FROM `mi_goods` [ RunTime:0.006930s ]
SQL: SELECT * FROM `mi_goods` WHERE ( typeid in(69,70,71) )  [ RunTime:0.000485s ]
INFO: [ view_parse ] --START--
INFO: [ template_filter ] --START--
INFO: Run Behavior\ContentReplaceBehavior [ RunTime:0.000044s ]
INFO: [ template_filter ] --END-- [ RunTime:0.000097s ]
INFO: Run Behavior\ParseTemplateBehavior [ RunTime:0.010996s ]
INFO: [ view_parse ] --END-- [ RunTime:0.011064s ]
INFO: [ view_filter ] --START--
INFO: Run Behavior\WriteHtmlCacheBehavior [ RunTime:0.000454s ]
INFO: [ view_filter ] --END-- [ RunTime:0.000497s ]
INFO: [ app_end ] --START--
INFO: Run Behavior\ShowPageTraceBehavior [ RunTime:0.000839s ]
INFO: [ app_end ] --END-- [ RunTime:0.000890s ]

[ 2016-09-26T10:40:51+08:00 ] 127.0.0.1 /CuteMi/index.php/Home/Index/bianli/typeid/58
INFO: [ app_begin ] --START--
INFO: Run Behavior\ReadHtmlCacheBehavior [ RunTime:0.000821s ]
INFO: [ app_begin ] --END-- [ RunTime:0.001373s ]
SQL: SHOW COLUMNS FROM `mi_close` [ RunTime:0.004395s ]
SQL: SELECT * FROM `mi_close` WHERE ( close_id = '1' ) LIMIT 1   [ RunTime:0.000263s ]
SQL: SHOW COLUMNS FROM `mi_type` [ RunTime:0.004192s ]
SQL: SELECT * FROM `mi_type` WHERE ( pid = 58 )  [ RunTime:0.000262s ]
SQL: SHOW COLUMNS FROM `mi_goods` [ RunTime:0.004719s ]
SQL: SELECT * FROM `mi_goods` WHERE ( typeid in(75,73,74) )  [ RunTime:0.000368s ]
INFO: [ view_parse ] --START--
INFO: [ template_filter ] --START--
INFO: Run Behavior\ContentReplaceBehavior [ RunTime:0.000030s ]
INFO: [ template_filter ] --END-- [ RunTime:0.000070s ]
INFO: Run Behavior\ParseTemplateBehavior [ RunTime:0.008459s ]
INFO: [ view_parse ] --END-- [ RunTime:0.008519s ]
INFO: [ view_filter ] --START--
INFO: Run Behavior\WriteHtmlCacheBehavior [ RunTime:0.000344s ]
INFO: [ view_filter ] --END-- [ RunTime:0.000380s ]
INFO: [ app_end ] --START--
INFO: Run Behavior\ShowPageTraceBehavior [ RunTime:0.000587s ]
INFO: [ app_end ] --END-- [ RunTime:0.000620s ]

[ 2016-09-26T10:41:04+08:00 ] 127.0.0.1 /CuteMi/index.php/Home/Index/bianli/typeid/53
INFO: [ app_begin ] --START--
INFO: Run Behavior\ReadHtmlCacheBehavior [ RunTime:0.000527s ]
INFO: [ app_begin ] --END-- [ RunTime:0.000823s ]
SQL: SHOW COLUMNS FROM `mi_close` [ RunTime:0.004848s ]
SQL: SELECT * FROM `mi_close` WHERE ( close_id = '1' ) LIMIT 1   [ RunTime:0.000326s ]
SQL: SHOW COLUMNS FROM `mi_type` [ RunTime:0.005183s ]
SQL: SELECT * FROM `mi_type` WHERE ( pid = 53 )  [ RunTime:0.000305s ]
SQL: SHOW COLUMNS FROM `mi_goods` [ RunTime:0.004576s ]
SQL: SELECT * FROM `mi_goods` WHERE ( typeid in(60,61,62,63,77) )  [ RunTime:0.000342s ]
INFO: [ view_parse ] --START--
INFO: [ template_filter ] --START--
INFO: Run Behavior\ContentReplaceBehavior [ RunTime:0.000028s ]
INFO: [ template_filter ] --END-- [ RunTime:0.000062s ]
INFO: Run Behavior\ParseTemplateBehavior [ RunTime:0.005701s ]
INFO: [ view_parse ] --END-- [ RunTime:0.005753s ]
INFO: [ view_filter ] --START--
INFO: Run Behavior\WriteHtmlCacheBehavior [ RunTime:0.000246s ]
INFO: [ view_filter ] --END-- [ RunTime:0.000283s ]
INFO: [ app_end ] --START--
INFO: Run Behavior\ShowPageTraceBehavior [ RunTime:0.000498s ]
INFO: [ app_end ] --END-- [ RunTime:0.000529s ]

[ 2016-09-26T10:41:05+08:00 ] 127.0.0.1 /CuteMi/index.php/Home/Index/bianli/typeid/56
INFO: [ app_begin ] --START--
INFO: Run Behavior\ReadHtmlCacheBehavior [ RunTime:0.000508s ]
INFO: [ app_begin ] --END-- [ RunTime:0.000793s ]
SQL: SHOW COLUMNS FROM `mi_close` [ RunTime:0.004870s ]
SQL: SELECT * FROM `mi_close` WHERE ( close_id = '1' ) LIMIT 1   [ RunTime:0.000314s ]
SQL: SHOW COLUMNS FROM `mi_type` [ RunTime:0.004128s ]
SQL: SELECT * FROM `mi_type` WHERE ( pid = 56 )  [ RunTime:0.000327s ]
SQL: SHOW COLUMNS FROM `mi_goods` [ RunTime:0.004107s ]
SQL: SELECT * FROM `mi_goods` WHERE ( typeid in(68,67,64,66) )  [ RunTime:0.000350s ]
INFO: [ view_parse ] --START--
INFO: [ template_filter ] --START--
INFO: Run Behavior\ContentReplaceBehavior [ RunTime:0.000029s ]
INFO: [ template_filter ] --END-- [ RunTime:0.000070s ]
INFO: Run Behavior\ParseTemplateBehavior [ RunTime:0.006388s ]
INFO: [ view_parse ] --END-- [ RunTime:0.006446s ]
INFO: [ view_filter ] --START--
INFO: Run Behavior\WriteHtmlCacheBehavior [ RunTime:0.000316s ]
INFO: [ view_filter ] --END-- [ RunTime:0.000345s ]
INFO: [ app_end ] --START--
INFO: Run Behavior\ShowPageTraceBehavior [ RunTime:0.000486s ]
INFO: [ app_end ] --END-- [ RunTime:0.000517s ]

[ 2016-09-26T10:47:47+08:00 ] 127.0.0.1 /CuteMi/index.php/Home/Index/bianli/typeid/56
INFO: [ app_begin ] --START--
INFO: Run Behavior\ReadHtmlCacheBehavior [ RunTime:0.000524s ]
INFO: [ app_begin ] --END-- [ RunTime:0.000828s ]
SQL: SHOW COLUMNS FROM `mi_close` [ RunTime:0.005130s ]
SQL: SELECT * FROM `mi_close` WHERE ( close_id = '1' ) LIMIT 1   [ RunTime:0.000279s ]
SQL: SHOW COLUMNS FROM `mi_type` [ RunTime:0.003588s ]
SQL: SELECT * FROM `mi_type` WHERE ( pid = 56 )  [ RunTime:0.000284s ]
SQL: SHOW COLUMNS FROM `mi_goods` [ RunTime:0.003736s ]
SQL: SELECT * FROM `mi_goods` WHERE ( typeid in(68,67,64,66) )  [ RunTime:0.000329s ]
INFO: [ view_parse ] --START--
INFO: [ template_filter ] --START--
INFO: Run Behavior\ContentReplaceBehavior [ RunTime:0.000038s ]
INFO: [ template_filter ] --END-- [ RunTime:0.000077s ]
INFO: Run Behavior\ParseTemplateBehavior [ RunTime:0.006157s ]
INFO: [ view_parse ] --END-- [ RunTime:0.006201s ]
INFO: [ view_filter ] --START--
INFO: Run Behavior\WriteHtmlCacheBehavior [ RunTime:0.000317s ]
INFO: [ view_filter ] --END-- [ RunTime:0.000344s ]
INFO: [ app_end ] --START--
INFO: Run Behavior\ShowPageTraceBehavior [ RunTime:0.000501s ]
INFO: [ app_end ] --END-- [ RunTime:0.000531s ]

[ 2016-09-26T10:47:55+08:00 ] 127.0.0.1 /CuteMi/index.php/Home/Index/bianli/typeid/58
INFO: [ app_begin ] --START--
INFO: Run Behavior\ReadHtmlCacheBehavior [ RunTime:0.001035s ]
INFO: [ app_begin ] --END-- [ RunTime:0.001507s ]
SQL: SHOW COLUMNS FROM `mi_close` [ RunTime:0.005595s ]
SQL: SELECT * FROM `mi_close` WHERE ( close_id = '1' ) LIMIT 1   [ RunTime:0.000289s ]
SQL: SHOW COLUMNS FROM `mi_type` [ RunTime:0.004007s ]
SQL: SELECT * FROM `mi_type` WHERE ( pid = 58 )  [ RunTime:0.000284s ]
SQL: SHOW COLUMNS FROM `mi_goods` [ RunTime:0.003849s ]
SQL: SELECT * FROM `mi_goods` WHERE ( typeid in(75,73,74) )  [ RunTime:0.000324s ]
INFO: [ view_parse ] --START--
INFO: [ template_filter ] --START--
INFO: Run Behavior\ContentReplaceBehavior [ RunTime:0.000028s ]
INFO: [ template_filter ] --END-- [ RunTime:0.000066s ]
INFO: Run Behavior\ParseTemplateBehavior [ RunTime:0.006527s ]
INFO: [ view_parse ] --END-- [ RunTime:0.006586s ]
INFO: [ view_filter ] --START--
INFO: Run Behavior\WriteHtmlCacheBehavior [ RunTime:0.000387s ]
INFO: [ view_filter ] --END-- [ RunTime:0.000422s ]
INFO: [ app_end ] --START--
INFO: Run Behavior\ShowPageTraceBehavior [ RunTime:0.000539s ]
INFO: [ app_end ] --END-- [ RunTime:0.000569s ]

[ 2016-09-26T10:47:56+08:00 ] 127.0.0.1 /CuteMi/index.php/Home/Index/bianli/typeid/57
INFO: [ app_begin ] --START--
INFO: Run Behavior\ReadHtmlCacheBehavior [ RunTime:0.000524s ]
INFO: [ app_begin ] --END-- [ RunTime:0.000811s ]
SQL: SHOW COLUMNS FROM `mi_close` [ RunTime:0.004639s ]
SQL: SELECT * FROM `mi_close` WHERE ( close_id = '1' ) LIMIT 1   [ RunTime:0.000284s ]
SQL: SHOW COLUMNS FROM `mi_type` [ RunTime:0.003641s ]
SQL: SELECT * FROM `mi_type` WHERE ( pid = 57 )  [ RunTime:0.000290s ]
SQL: SHOW COLUMNS FROM `mi_goods` [ RunTime:0.003780s ]
SQL: SELECT * FROM `mi_goods` WHERE ( typeid in(69,70,71) )  [ RunTime:0.000321s ]
INFO: [ view_parse ] --START--
INFO: [ template_filter ] --START--
INFO: Run Behavior\ContentReplaceBehavior [ RunTime:0.000028s ]
INFO: [ template_filter ] --END-- [ RunTime:0.000067s ]
INFO: Run Behavior\ParseTemplateBehavior [ RunTime:0.006324s ]
INFO: [ view_parse ] --END-- [ RunTime:0.006382s ]
INFO: [ view_filter ] --START--
INFO: Run Behavior\WriteHtmlCacheBehavior [ RunTime:0.000295s ]
INFO: [ view_filter ] --END-- [ RunTime:0.000326s ]
INFO: [ app_end ] --START--
INFO: Run Behavior\ShowPageTraceBehavior [ RunTime:0.000536s ]
INFO: [ app_end ] --END-- [ RunTime:0.000583s ]

[ 2016-09-26T10:47:57+08:00 ] 127.0.0.1 /CuteMi/index.php/Home/Index/bianli/typeid/58
INFO: [ app_begin ] --START--
INFO: Run Behavior\ReadHtmlCacheBehavior [ RunTime:0.000555s ]
INFO: [ app_begin ] --END-- [ RunTime:0.000838s ]
SQL: SHOW COLUMNS FROM `mi_close` [ RunTime:0.004821s ]
SQL: SELECT * FROM `mi_close` WHERE ( close_id = '1' ) LIMIT 1   [ RunTime:0.000273s ]
SQL: SHOW COLUMNS FROM `mi_type` [ RunTime:0.004021s ]
SQL: SELECT * FROM `mi_type` WHERE ( pid = 58 )  [ RunTime:0.000299s ]
SQL: SHOW COLUMNS FROM `mi_goods` [ RunTime:0.004182s ]
SQL: SELECT * FROM `mi_goods` WHERE ( typeid in(75,73,74) )  [ RunTime:0.000372s ]
INFO: [ view_parse ] --START--
INFO: [ template_filter ] --START--
INFO: Run Behavior\ContentReplaceBehavior [ RunTime:0.000028s ]
INFO: [ template_filter ] --END-- [ RunTime:0.000063s ]
INFO: Run Behavior\ParseTemplateBehavior [ RunTime:0.006062s ]
INFO: [ view_parse ] --END-- [ RunTime:0.006105s ]
INFO: [ view_filter ] --START--
INFO: Run Behavior\WriteHtmlCacheBehavior [ RunTime:0.000284s ]
INFO: [ view_filter ] --END-- [ RunTime:0.000310s ]
INFO: [ app_end ] --START--
INFO: Run Behavior\ShowPageTraceBehavior [ RunTime:0.000561s ]
INFO: [ app_end ] --END-- [ RunTime:0.000606s ]

[ 2016-09-26T10:47:58+08:00 ] 127.0.0.1 /CuteMi/index.php/Home/Index/bianli/typeid/58
INFO: [ app_begin ] --START--
INFO: Run Behavior\ReadHtmlCacheBehavior [ RunTime:0.000773s ]
INFO: [ app_begin ] --END-- [ RunTime:0.001212s ]
SQL: SHOW COLUMNS FROM `mi_close` [ RunTime:0.005472s ]
SQL: SELECT * FROM `mi_close` WHERE ( close_id = '1' ) LIMIT 1   [ RunTime:0.000369s ]
SQL: SHOW COLUMNS FROM `mi_type` [ RunTime:0.004247s ]
SQL: SELECT * FROM `mi_type` WHERE ( pid = 58 )  [ RunTime:0.000274s ]
SQL: SHOW COLUMNS FROM `mi_goods` [ RunTime:0.004412s ]
SQL: SELECT * FROM `mi_goods` WHERE ( typeid in(75,73,74) )  [ RunTime:0.000298s ]
INFO: [ view_parse ] --START--
INFO: [ template_filter ] --START--
INFO: Run Behavior\ContentReplaceBehavior [ RunTime:0.000032s ]
INFO: [ template_filter ] --END-- [ RunTime:0.000076s ]
INFO: Run Behavior\ParseTemplateBehavior [ RunTime:0.007626s ]
INFO: [ view_parse ] --END-- [ RunTime:0.007687s ]
INFO: [ view_filter ] --START--
INFO: Run Behavior\WriteHtmlCacheBehavior [ RunTime:0.000340s ]
INFO: [ view_filter ] --END-- [ RunTime:0.000373s ]
INFO: [ app_end ] --START--
INFO: Run Behavior\ShowPageTraceBehavior [ RunTime:0.000580s ]
INFO: [ app_end ] --END-- [ RunTime:0.000617s ]

[ 2016-09-26T10:48:01+08:00 ] 127.0.0.1 /CuteMi/index.php/Home/Index/bianli/typeid/57
INFO: [ app_begin ] --START--
INFO: Run Behavior\ReadHtmlCacheBehavior [ RunTime:0.000531s ]
INFO: [ app_begin ] --END-- [ RunTime:0.000813s ]
SQL: SHOW COLUMNS FROM `mi_close` [ RunTime:0.037315s ]
SQL: SELECT * FROM `mi_close` WHERE ( close_id = '1' ) LIMIT 1   [ RunTime:0.000278s ]
SQL: SHOW COLUMNS FROM `mi_type` [ RunTime:0.003677s ]
SQL: SELECT * FROM `mi_type` WHERE ( pid = 57 )  [ RunTime:0.000335s ]
SQL: SHOW COLUMNS FROM `mi_goods` [ RunTime:0.005599s ]
SQL: SELECT * FROM `mi_goods` WHERE ( typeid in(69,70,71) )  [ RunTime:0.000354s ]
INFO: [ view_parse ] --START--
INFO: [ template_filter ] --START--
INFO: Run Behavior\ContentReplaceBehavior [ RunTime:0.000028s ]
INFO: [ template_filter ] --END-- [ RunTime:0.000065s ]
INFO: Run Behavior\ParseTemplateBehavior [ RunTime:0.006735s ]
INFO: [ view_parse ] --END-- [ RunTime:0.006786s ]
INFO: [ view_filter ] --START--
INFO: Run Behavior\WriteHtmlCacheBehavior [ RunTime:0.000297s ]
INFO: [ view_filter ] --END-- [ RunTime:0.000325s ]
INFO: [ app_end ] --START--
INFO: Run Behavior\ShowPageTraceBehavior [ RunTime:0.000549s ]
INFO: [ app_end ] --END-- [ RunTime:0.000578s ]

[ 2016-09-26T11:02:12+08:00 ] 127.0.0.1 /CuteMi/index.php/Home/Index/bianli/typeid/57
INFO: [ app_begin ] --START--
INFO: Run Behavior\ReadHtmlCacheBehavior [ RunTime:0.000596s ]
INFO: [ app_begin ] --END-- [ RunTime:0.000982s ]
SQL: SHOW COLUMNS FROM `mi_close` [ RunTime:0.005144s ]
SQL: SELECT * FROM `mi_close` WHERE ( close_id = '1' ) LIMIT 1   [ RunTime:0.000294s ]
SQL: SHOW COLUMNS FROM `mi_type` [ RunTime:0.004257s ]
SQL: SELECT * FROM `mi_type` WHERE ( pid = 57 )  [ RunTime:0.000318s ]
SQL: SHOW COLUMNS FROM `mi_goods` [ RunTime:0.004107s ]
SQL: SELECT * FROM `mi_goods` WHERE ( typeid in(69,70,71) )  [ RunTime:0.000338s ]
INFO: [ view_parse ] --START--
INFO: [ template_filter ] --START--
INFO: Run Behavior\ContentReplaceBehavior [ RunTime:0.000029s ]
INFO: [ template_filter ] --END-- [ RunTime:0.000071s ]
INFO: Run Behavior\ParseTemplateBehavior [ RunTime:0.006761s ]
INFO: [ view_parse ] --END-- [ RunTime:0.006809s ]
INFO: [ view_filter ] --START--
INFO: Run Behavior\WriteHtmlCacheBehavior [ RunTime:0.000322s ]
INFO: [ view_filter ] --END-- [ RunTime:0.000350s ]
INFO: [ app_end ] --START--
INFO: Run Behavior\ShowPageTraceBehavior [ RunTime:0.000529s ]
INFO: [ app_end ] --END-- [ RunTime:0.000590s ]

[ 2016-09-26T11:02:12+08:00 ] 127.0.0.1 /CuteMi/index.php/Home/Index/bianli/typeid/56
INFO: [ app_begin ] --START--
INFO: Run Behavior\ReadHtmlCacheBehavior [ RunTime:0.000517s ]
INFO: [ app_begin ] --END-- [ RunTime:0.000814s ]
SQL: SHOW COLUMNS FROM `mi_close` [ RunTime:0.003165s ]
SQL: SELECT * FROM `mi_close` WHERE ( close_id = '1' ) LIMIT 1   [ RunTime:0.000299s ]
SQL: SHOW COLUMNS FROM `mi_type` [ RunTime:0.003162s ]
SQL: SELECT * FROM `mi_type` WHERE ( pid = 56 )  [ RunTime:0.000278s ]
SQL: SHOW COLUMNS FROM `mi_goods` [ RunTime:0.003338s ]
SQL: SELECT * FROM `mi_goods` WHERE ( typeid in(68,67,64,66) )  [ RunTime:0.000345s ]
INFO: [ view_parse ] --START--
INFO: [ template_filter ] --START--
INFO: Run Behavior\ContentReplaceBehavior [ RunTime:0.000030s ]
INFO: [ template_filter ] --END-- [ RunTime:0.000070s ]
INFO: Run Behavior\ParseTemplateBehavior [ RunTime:0.006660s ]
INFO: [ view_parse ] --END-- [ RunTime:0.006714s ]
INFO: [ view_filter ] --START--
INFO: Run Behavior\WriteHtmlCacheBehavior [ RunTime:0.000290s ]
INFO: [ view_filter ] --END-- [ RunTime:0.000326s ]
INFO: [ app_end ] --START--
INFO: Run Behavior\ShowPageTraceBehavior [ RunTime:0.000642s ]
INFO: [ app_end ] --END-- [ RunTime:0.000714s ]

[ 2016-09-26T11:02:12+08:00 ] 127.0.0.1 /CuteMi/index.php/Home/Index/bianli/typeid/53
INFO: [ app_begin ] --START--
INFO: Run Behavior\ReadHtmlCacheBehavior [ RunTime:0.000535s ]
INFO: [ app_begin ] --END-- [ RunTime:0.000824s ]
SQL: SHOW COLUMNS FROM `mi_close` [ RunTime:0.003127s ]
SQL: SELECT * FROM `mi_close` WHERE ( close_id = '1' ) LIMIT 1   [ RunTime:0.000317s ]
SQL: SHOW COLUMNS FROM `mi_type` [ RunTime:0.003129s ]
SQL: SELECT * FROM `mi_type` WHERE ( pid = 53 )  [ RunTime:0.000317s ]
SQL: SHOW COLUMNS FROM `mi_goods` [ RunTime:0.003201s ]
SQL: SELECT * FROM `mi_goods` WHERE ( typeid in(60,61,62,63,77) )  [ RunTime:0.000371s ]
INFO: [ view_parse ] --START--
INFO: [ template_filter ] --START--
INFO: Run Behavior\ContentReplaceBehavior [ RunTime:0.000029s ]
INFO: [ template_filter ] --END-- [ RunTime:0.000072s ]
INFO: Run Behavior\ParseTemplateBehavior [ RunTime:0.006428s ]
INFO: [ view_parse ] --END-- [ RunTime:0.006475s ]
INFO: [ view_filter ] --START--
INFO: Run Behavior\WriteHtmlCacheBehavior [ RunTime:0.000306s ]
INFO: [ view_filter ] --END-- [ RunTime:0.000345s ]
INFO: [ app_end ] --START--
INFO: Run Behavior\ShowPageTraceBehavior [ RunTime:0.000551s ]
INFO: [ app_end ] --END-- [ RunTime:0.000582s ]

[ 2016-09-26T13:58:49+08:00 ] 127.0.0.1 /CuteMi/index.php/Admin/index/index.html
ERR: Think\Controller:diplay方法不存在！

[ 2016-09-26T14:00:14+08:00 ] 127.0.0.1 /CuteMi/index.php/Admin/css/main.css
ERR: 无法加载控制器:Css

[ 2016-09-26T14:00:14+08:00 ] 127.0.0.1 /CuteMi/index.php/Admin/css/css.css
ERR: 无法加载控制器:Css

[ 2016-09-26T14:00:44+08:00 ] 127.0.0.1 /CuteMi/index.php/Admin/css/css.css
ERR: 无法加载控制器:Css

[ 2016-09-26T14:00:44+08:00 ] 127.0.0.1 /CuteMi/index.php/Admin/css/main.css
ERR: 无法加载控制器:Css

[ 2016-09-26T14:00:57+08:00 ] 127.0.0.1 /CuteMi/index.php/Admin/css/css.css
ERR: 无法加载控制器:Css

[ 2016-09-26T14:00:57+08:00 ] 127.0.0.1 /CuteMi/index.php/Admin/css/main.css
ERR: 无法加载控制器:Css

[ 2016-09-26T14:02:23+08:00 ] 127.0.0.1 /CuteMi/index.php/Admin/index/top
ERR: 非法操作:top

[ 2016-09-26T14:08:59+08:00 ] 127.0.0.1 /CuteMi/index.php/Admin/css/css.css
ERR: 无法加载控制器:Css

[ 2016-09-26T14:08:59+08:00 ] 127.0.0.1 /CuteMi/index.php/Admin/css/main.css
ERR: 无法加载控制器:Css

[ 2016-09-26T14:17:19+08:00 ] 127.0.0.1 /CuteMi/index.php/Admin/Type/css/css.css
ERR: 非法操作:css

[ 2016-09-26T14:17:19+08:00 ] 127.0.0.1 /CuteMi/index.php/Admin/Type/css/main.css
ERR: 非法操作:css

[ 2016-09-26T14:17:32+08:00 ] 127.0.0.1 /CuteMi/index.php/Admin/Type/css/css.css
ERR: 非法操作:css

[ 2016-09-26T14:17:32+08:00 ] 127.0.0.1 /CuteMi/index.php/Admin/Type/css/main.css
ERR: 非法操作:css

[ 2016-09-26T14:17:41+08:00 ] 127.0.0.1 /CuteMi/index.php/Admin/Type/css/css.css
ERR: 非法操作:css

[ 2016-09-26T14:17:41+08:00 ] 127.0.0.1 /CuteMi/index.php/Admin/Type/css/main.css
ERR: 非法操作:css

