[ 2016-05-31T22:15:38+08:00 ] 127.0.0.1 /CuteMi/index.php/Home/Index/bianli/typeid/58
INFO: [ app_begin ] --START--
INFO: Run Behavior\ReadHtmlCacheBehavior [ RunTime:0.000713s ]
INFO: [ app_begin ] --END-- [ RunTime:0.001102s ]
NOTIC: [2] session_start(): Cannot send session cookie - headers already sent by (output started at H:\WWW\www\CuteMi\ThinkPHP\Conf\convention.php:1) H:\WWW\www\CuteMi\ThinkPHP\Common\functions.php 第 1168 行.
NOTIC: [2] session_start(): Cannot send session cache limiter - headers already sent (output started at H:\WWW\www\CuteMi\ThinkPHP\Conf\convention.php:1) H:\WWW\www\CuteMi\ThinkPHP\Common\functions.php 第 1168 行.
NOTIC: [2] Cannot modify header information - headers already sent by (output started at H:\WWW\www\CuteMi\ThinkPHP\Conf\convention.php:1) H:\WWW\www\CuteMi\CuteMi\Home\Controller\CommonController.class.php 第 4 行.
SQL: SHOW COLUMNS FROM `mi_close` [ RunTime:0.004488s ]
SQL: SELECT * FROM `mi_close` WHERE ( close_id = '1' ) LIMIT 1   [ RunTime:0.000306s ]
SQL: SHOW COLUMNS FROM `mi_type` [ RunTime:0.004435s ]
SQL: SELECT * FROM `mi_type` WHERE ( pid = 58 )  [ RunTime:0.000283s ]
SQL: SHOW COLUMNS FROM `mi_goods` [ RunTime:0.142895s ]
SQL: SELECT * FROM `mi_goods` WHERE ( typeid in(75,73,74) )  [ RunTime:0.000354s ]
INFO: [ view_parse ] --START--
INFO: [ template_filter ] --START--
INFO: Run Behavior\ContentReplaceBehavior [ RunTime:0.000030s ]
INFO: [ template_filter ] --END-- [ RunTime:0.000067s ]
INFO: Run Behavior\ParseTemplateBehavior [ RunTime:0.027707s ]
INFO: [ view_parse ] --END-- [ RunTime:0.027799s ]
INFO: [ view_filter ] --START--
INFO: Run Behavior\WriteHtmlCacheBehavior [ RunTime:0.000522s ]
INFO: [ view_filter ] --END-- [ RunTime:0.000565s ]
NOTIC: [2] Cannot modify header information - headers already sent by (output started at H:\WWW\www\CuteMi\ThinkPHP\Conf\convention.php:1) H:\WWW\www\CuteMi\ThinkPHP\Library\Think\View.class.php 第 91 行.
NOTIC: [2] Cannot modify header information - headers already sent by (output started at H:\WWW\www\CuteMi\ThinkPHP\Conf\convention.php:1) H:\WWW\www\CuteMi\ThinkPHP\Library\Think\View.class.php 第 92 行.
NOTIC: [2] Cannot modify header information - headers already sent by (output started at H:\WWW\www\CuteMi\ThinkPHP\Conf\convention.php:1) H:\WWW\www\CuteMi\ThinkPHP\Library\Think\View.class.php 第 93 行.
INFO: [ app_end ] --START--
INFO: Run Behavior\ShowPageTraceBehavior [ RunTime:0.000755s ]
INFO: [ app_end ] --END-- [ RunTime:0.000788s ]

[ 2016-05-31T22:15:47+08:00 ] 127.0.0.1 /CuteMi/index.php/Home/Index/bianli/typeid/57
INFO: [ app_begin ] --START--
INFO: Run Behavior\ReadHtmlCacheBehavior [ RunTime:0.000922s ]
INFO: [ app_begin ] --END-- [ RunTime:0.001683s ]
NOTIC: [2] session_start(): Cannot send session cookie - headers already sent by (output started at H:\WWW\www\CuteMi\ThinkPHP\Conf\convention.php:1) H:\WWW\www\CuteMi\ThinkPHP\Common\functions.php 第 1168 行.
NOTIC: [2] session_start(): Cannot send session cache limiter - headers already sent (output started at H:\WWW\www\CuteMi\ThinkPHP\Conf\convention.php:1) H:\WWW\www\CuteMi\ThinkPHP\Common\functions.php 第 1168 行.
NOTIC: [2] Cannot modify header information - headers already sent by (output started at H:\WWW\www\CuteMi\ThinkPHP\Conf\convention.php:1) H:\WWW\www\CuteMi\CuteMi\Home\Controller\CommonController.class.php 第 4 行.
SQL: SHOW COLUMNS FROM `mi_close` [ RunTime:0.004382s ]
SQL: SELECT * FROM `mi_close` WHERE ( close_id = '1' ) LIMIT 1   [ RunTime:0.000235s ]
SQL: SHOW COLUMNS FROM `mi_type` [ RunTime:0.004602s ]
SQL: SELECT * FROM `mi_type` WHERE ( pid = 57 )  [ RunTime:0.000268s ]
SQL: SHOW COLUMNS FROM `mi_goods` [ RunTime:0.004624s ]
SQL: SELECT * FROM `mi_goods` WHERE ( typeid in(69,70,71) )  [ RunTime:0.000351s ]
INFO: [ view_parse ] --START--
INFO: [ template_filter ] --START--
INFO: Run Behavior\ContentReplaceBehavior [ RunTime:0.000037s ]
INFO: [ template_filter ] --END-- [ RunTime:0.000091s ]
INFO: Run Behavior\ParseTemplateBehavior [ RunTime:0.006174s ]
INFO: [ view_parse ] --END-- [ RunTime:0.006215s ]
INFO: [ view_filter ] --START--
INFO: Run Behavior\WriteHtmlCacheBehavior [ RunTime:0.000287s ]
INFO: [ view_filter ] --END-- [ RunTime:0.000312s ]
NOTIC: [2] Cannot modify header information - headers already sent by (output started at H:\WWW\www\CuteMi\ThinkPHP\Conf\convention.php:1) H:\WWW\www\CuteMi\ThinkPHP\Library\Think\View.class.php 第 91 行.
NOTIC: [2] Cannot modify header information - headers already sent by (output started at H:\WWW\www\CuteMi\ThinkPHP\Conf\convention.php:1) H:\WWW\www\CuteMi\ThinkPHP\Library\Think\View.class.php 第 92 行.
NOTIC: [2] Cannot modify header information - headers already sent by (output started at H:\WWW\www\CuteMi\ThinkPHP\Conf\convention.php:1) H:\WWW\www\CuteMi\ThinkPHP\Library\Think\View.class.php 第 93 行.
INFO: [ app_end ] --START--
INFO: Run Behavior\ShowPageTraceBehavior [ RunTime:0.000640s ]
INFO: [ app_end ] --END-- [ RunTime:0.000666s ]

[ 2016-05-31T22:16:56+08:00 ] 127.0.0.1 /CuteMi/index.php/Home/Index/bianli/typeid/53
INFO: [ app_begin ] --START--
INFO: Run Behavior\ReadHtmlCacheBehavior [ RunTime:0.000621s ]
INFO: [ app_begin ] --END-- [ RunTime:0.000946s ]
NOTIC: [2] session_start(): Cannot send session cookie - headers already sent by (output started at H:\WWW\www\CuteMi\ThinkPHP\Conf\convention.php:1) H:\WWW\www\CuteMi\ThinkPHP\Common\functions.php 第 1168 行.
NOTIC: [2] session_start(): Cannot send session cache limiter - headers already sent (output started at H:\WWW\www\CuteMi\ThinkPHP\Conf\convention.php:1) H:\WWW\www\CuteMi\ThinkPHP\Common\functions.php 第 1168 行.
NOTIC: [2] Cannot modify header information - headers already sent by (output started at H:\WWW\www\CuteMi\ThinkPHP\Conf\convention.php:1) H:\WWW\www\CuteMi\CuteMi\Home\Controller\CommonController.class.php 第 4 行.
SQL: SHOW COLUMNS FROM `mi_close` [ RunTime:0.004110s ]
SQL: SELECT * FROM `mi_close` WHERE ( close_id = '1' ) LIMIT 1   [ RunTime:0.000241s ]
SQL: SHOW COLUMNS FROM `mi_type` [ RunTime:0.003757s ]
SQL: SELECT * FROM `mi_type` WHERE ( pid = 53 )  [ RunTime:0.000272s ]
SQL: SHOW COLUMNS FROM `mi_goods` [ RunTime:0.003251s ]
SQL: SELECT * FROM `mi_goods` WHERE ( typeid in(60,61,62,63,77) )  [ RunTime:0.000294s ]
INFO: [ view_parse ] --START--
INFO: [ template_filter ] --START--
INFO: Run Behavior\ContentReplaceBehavior [ RunTime:0.000028s ]
INFO: [ template_filter ] --END-- [ RunTime:0.000106s ]
INFO: Run Behavior\ParseTemplateBehavior [ RunTime:0.006766s ]
INFO: [ view_parse ] --END-- [ RunTime:0.006808s ]
INFO: [ view_filter ] --START--
INFO: Run Behavior\WriteHtmlCacheBehavior [ RunTime:0.000291s ]
INFO: [ view_filter ] --END-- [ RunTime:0.000319s ]
NOTIC: [2] Cannot modify header information - headers already sent by (output started at H:\WWW\www\CuteMi\ThinkPHP\Conf\convention.php:1) H:\WWW\www\CuteMi\ThinkPHP\Library\Think\View.class.php 第 91 行.
NOTIC: [2] Cannot modify header information - headers already sent by (output started at H:\WWW\www\CuteMi\ThinkPHP\Conf\convention.php:1) H:\WWW\www\CuteMi\ThinkPHP\Library\Think\View.class.php 第 92 行.
NOTIC: [2] Cannot modify header information - headers already sent by (output started at H:\WWW\www\CuteMi\ThinkPHP\Conf\convention.php:1) H:\WWW\www\CuteMi\ThinkPHP\Library\Think\View.class.php 第 93 行.
INFO: [ app_end ] --START--
INFO: Run Behavior\ShowPageTraceBehavior [ RunTime:0.000534s ]
INFO: [ app_end ] --END-- [ RunTime:0.000565s ]

[ 2016-05-31T22:16:57+08:00 ] 127.0.0.1 /CuteMi/index.php/Home/Index/bianli/typeid/56
INFO: [ app_begin ] --START--
INFO: Run Behavior\ReadHtmlCacheBehavior [ RunTime:0.000536s ]
INFO: [ app_begin ] --END-- [ RunTime:0.000879s ]
NOTIC: [2] session_start(): Cannot send session cookie - headers already sent by (output started at H:\WWW\www\CuteMi\ThinkPHP\Conf\convention.php:1) H:\WWW\www\CuteMi\ThinkPHP\Common\functions.php 第 1168 行.
NOTIC: [2] session_start(): Cannot send session cache limiter - headers already sent (output started at H:\WWW\www\CuteMi\ThinkPHP\Conf\convention.php:1) H:\WWW\www\CuteMi\ThinkPHP\Common\functions.php 第 1168 行.
NOTIC: [2] Cannot modify header information - headers already sent by (output started at H:\WWW\www\CuteMi\ThinkPHP\Conf\convention.php:1) H:\WWW\www\CuteMi\CuteMi\Home\Controller\CommonController.class.php 第 4 行.
SQL: SHOW COLUMNS FROM `mi_close` [ RunTime:0.005281s ]
SQL: SELECT * FROM `mi_close` WHERE ( close_id = '1' ) LIMIT 1   [ RunTime:0.000275s ]
SQL: SHOW COLUMNS FROM `mi_type` [ RunTime:0.005793s ]
SQL: SELECT * FROM `mi_type` WHERE ( pid = 56 )  [ RunTime:0.000253s ]
SQL: SHOW COLUMNS FROM `mi_goods` [ RunTime:0.006162s ]
SQL: SELECT * FROM `mi_goods` WHERE ( typeid in(68,67,64,66) )  [ RunTime:0.000302s ]
INFO: [ view_parse ] --START--
INFO: [ template_filter ] --START--
INFO: Run Behavior\ContentReplaceBehavior [ RunTime:0.000030s ]
INFO: [ template_filter ] --END-- [ RunTime:0.000076s ]
INFO: Run Behavior\ParseTemplateBehavior [ RunTime:0.006178s ]
INFO: [ view_parse ] --END-- [ RunTime:0.006225s ]
INFO: [ view_filter ] --START--
INFO: Run Behavior\WriteHtmlCacheBehavior [ RunTime:0.000302s ]
INFO: [ view_filter ] --END-- [ RunTime:0.000336s ]
NOTIC: [2] Cannot modify header information - headers already sent by (output started at H:\WWW\www\CuteMi\ThinkPHP\Conf\convention.php:1) H:\WWW\www\CuteMi\ThinkPHP\Library\Think\View.class.php 第 91 行.
NOTIC: [2] Cannot modify header information - headers already sent by (output started at H:\WWW\www\CuteMi\ThinkPHP\Conf\convention.php:1) H:\WWW\www\CuteMi\ThinkPHP\Library\Think\View.class.php 第 92 行.
NOTIC: [2] Cannot modify header information - headers already sent by (output started at H:\WWW\www\CuteMi\ThinkPHP\Conf\convention.php:1) H:\WWW\www\CuteMi\ThinkPHP\Library\Think\View.class.php 第 93 行.
INFO: [ app_end ] --START--
INFO: Run Behavior\ShowPageTraceBehavior [ RunTime:0.000566s ]
INFO: [ app_end ] --END-- [ RunTime:0.000596s ]

[ 2016-05-31T22:16:57+08:00 ] 127.0.0.1 /CuteMi/index.php/Home/Index/bianli/typeid/57
INFO: [ app_begin ] --START--
INFO: Run Behavior\ReadHtmlCacheBehavior [ RunTime:0.000507s ]
INFO: [ app_begin ] --END-- [ RunTime:0.000814s ]
NOTIC: [2] session_start(): Cannot send session cookie - headers already sent by (output started at H:\WWW\www\CuteMi\ThinkPHP\Conf\convention.php:1) H:\WWW\www\CuteMi\ThinkPHP\Common\functions.php 第 1168 行.
NOTIC: [2] session_start(): Cannot send session cache limiter - headers already sent (output started at H:\WWW\www\CuteMi\ThinkPHP\Conf\convention.php:1) H:\WWW\www\CuteMi\ThinkPHP\Common\functions.php 第 1168 行.
NOTIC: [2] Cannot modify header information - headers already sent by (output started at H:\WWW\www\CuteMi\ThinkPHP\Conf\convention.php:1) H:\WWW\www\CuteMi\CuteMi\Home\Controller\CommonController.class.php 第 4 行.
SQL: SHOW COLUMNS FROM `mi_close` [ RunTime:0.003217s ]
SQL: SELECT * FROM `mi_close` WHERE ( close_id = '1' ) LIMIT 1   [ RunTime:0.000277s ]
SQL: SHOW COLUMNS FROM `mi_type` [ RunTime:0.003369s ]
SQL: SELECT * FROM `mi_type` WHERE ( pid = 57 )  [ RunTime:0.000219s ]
SQL: SHOW COLUMNS FROM `mi_goods` [ RunTime:0.003146s ]
SQL: SELECT * FROM `mi_goods` WHERE ( typeid in(69,70,71) )  [ RunTime:0.000287s ]
INFO: [ view_parse ] --START--
INFO: [ template_filter ] --START--
INFO: Run Behavior\ContentReplaceBehavior [ RunTime:0.000031s ]
INFO: [ template_filter ] --END-- [ RunTime:0.000071s ]
INFO: Run Behavior\ParseTemplateBehavior [ RunTime:0.008127s ]
INFO: [ view_parse ] --END-- [ RunTime:0.008196s ]
INFO: [ view_filter ] --START--
INFO: Run Behavior\WriteHtmlCacheBehavior [ RunTime:0.000535s ]
INFO: [ view_filter ] --END-- [ RunTime:0.000578s ]
NOTIC: [2] Cannot modify header information - headers already sent by (output started at H:\WWW\www\CuteMi\ThinkPHP\Conf\convention.php:1) H:\WWW\www\CuteMi\ThinkPHP\Library\Think\View.class.php 第 91 行.
NOTIC: [2] Cannot modify header information - headers already sent by (output started at H:\WWW\www\CuteMi\ThinkPHP\Conf\convention.php:1) H:\WWW\www\CuteMi\ThinkPHP\Library\Think\View.class.php 第 92 行.
NOTIC: [2] Cannot modify header information - headers already sent by (output started at H:\WWW\www\CuteMi\ThinkPHP\Conf\convention.php:1) H:\WWW\www\CuteMi\ThinkPHP\Library\Think\View.class.php 第 93 行.
INFO: [ app_end ] --START--
INFO: Run Behavior\ShowPageTraceBehavior [ RunTime:0.000860s ]
INFO: [ app_end ] --END-- [ RunTime:0.000901s ]

[ 2016-05-31T22:17:06+08:00 ] 127.0.0.1 /CuteMi/index.php/Home/Index/bianli/typeid/53
INFO: [ app_begin ] --START--
INFO: Run Behavior\ReadHtmlCacheBehavior [ RunTime:0.000552s ]
INFO: [ app_begin ] --END-- [ RunTime:0.000935s ]
NOTIC: [2] session_start(): Cannot send session cookie - headers already sent by (output started at H:\WWW\www\CuteMi\ThinkPHP\Conf\convention.php:1) H:\WWW\www\CuteMi\ThinkPHP\Common\functions.php 第 1168 行.
NOTIC: [2] session_start(): Cannot send session cache limiter - headers already sent (output started at H:\WWW\www\CuteMi\ThinkPHP\Conf\convention.php:1) H:\WWW\www\CuteMi\ThinkPHP\Common\functions.php 第 1168 行.
NOTIC: [2] Cannot modify header information - headers already sent by (output started at H:\WWW\www\CuteMi\ThinkPHP\Conf\convention.php:1) H:\WWW\www\CuteMi\CuteMi\Home\Controller\CommonController.class.php 第 4 行.
SQL: SHOW COLUMNS FROM `mi_close` [ RunTime:0.007038s ]
SQL: SELECT * FROM `mi_close` WHERE ( close_id = '1' ) LIMIT 1   [ RunTime:0.000280s ]
SQL: SHOW COLUMNS FROM `mi_type` [ RunTime:0.003538s ]
SQL: SELECT * FROM `mi_type` WHERE ( pid = 53 )  [ RunTime:0.000302s ]
SQL: SHOW COLUMNS FROM `mi_goods` [ RunTime:0.003919s ]
SQL: SELECT * FROM `mi_goods` WHERE ( typeid in(60,61,62,63,77) )  [ RunTime:0.000315s ]
INFO: [ view_parse ] --START--
INFO: [ template_filter ] --START--
INFO: Run Behavior\ContentReplaceBehavior [ RunTime:0.000027s ]
INFO: [ template_filter ] --END-- [ RunTime:0.000063s ]
INFO: Run Behavior\ParseTemplateBehavior [ RunTime:0.005699s ]
INFO: [ view_parse ] --END-- [ RunTime:0.005745s ]
INFO: [ view_filter ] --START--
INFO: Run Behavior\WriteHtmlCacheBehavior [ RunTime:0.000517s ]
INFO: [ view_filter ] --END-- [ RunTime:0.000547s ]
NOTIC: [2] Cannot modify header information - headers already sent by (output started at H:\WWW\www\CuteMi\ThinkPHP\Conf\convention.php:1) H:\WWW\www\CuteMi\ThinkPHP\Library\Think\View.class.php 第 91 行.
NOTIC: [2] Cannot modify header information - headers already sent by (output started at H:\WWW\www\CuteMi\ThinkPHP\Conf\convention.php:1) H:\WWW\www\CuteMi\ThinkPHP\Library\Think\View.class.php 第 92 行.
NOTIC: [2] Cannot modify header information - headers already sent by (output started at H:\WWW\www\CuteMi\ThinkPHP\Conf\convention.php:1) H:\WWW\www\CuteMi\ThinkPHP\Library\Think\View.class.php 第 93 行.
INFO: [ app_end ] --START--
INFO: Run Behavior\ShowPageTraceBehavior [ RunTime:0.000606s ]
INFO: [ app_end ] --END-- [ RunTime:0.000635s ]

[ 2016-05-31T22:18:06+08:00 ] 127.0.0.1 /CuteMi/index.php/Home/BeforeCart/doindex?verson=%E6%A0%87%E5%87%86%E7%89%88&color=%E7%99%BD%E8%89%B2&gid=50
INFO: [ app_begin ] --START--
INFO: Run Behavior\ReadHtmlCacheBehavior [ RunTime:0.000423s ]
INFO: [ app_begin ] --END-- [ RunTime:0.000695s ]
NOTIC: [2] session_start(): Cannot send session cookie - headers already sent by (output started at H:\WWW\www\CuteMi\ThinkPHP\Conf\convention.php:1) H:\WWW\www\CuteMi\ThinkPHP\Common\functions.php 第 1168 行.
NOTIC: [2] session_start(): Cannot send session cache limiter - headers already sent (output started at H:\WWW\www\CuteMi\ThinkPHP\Conf\convention.php:1) H:\WWW\www\CuteMi\ThinkPHP\Common\functions.php 第 1168 行.
NOTIC: [2] Cannot modify header information - headers already sent by (output started at H:\WWW\www\CuteMi\ThinkPHP\Conf\convention.php:1) H:\WWW\www\CuteMi\CuteMi\Home\Controller\CommonController.class.php 第 4 行.
SQL: SHOW COLUMNS FROM `mi_close` [ RunTime:0.006765s ]
SQL: SELECT * FROM `mi_close` WHERE ( close_id = '1' ) LIMIT 1   [ RunTime:0.000271s ]
NOTIC: [2] array_key_exists() expects parameter 2 to be array, string given H:\WWW\www\CuteMi\CuteMi\Home\Controller\BeforeCartController.class.php 第 37 行.
SQL: SHOW COLUMNS FROM `mi_goods` [ RunTime:0.004457s ]
SQL: SELECT * FROM `mi_goods` WHERE ( gid = 50 ) LIMIT 1   [ RunTime:0.000403s ]
INFO: [ app_end ] --START--
INFO: Run Behavior\ShowPageTraceBehavior [ RunTime:0.000653s ]
INFO: [ app_end ] --END-- [ RunTime:0.000687s ]

[ 2016-05-31T22:19:39+08:00 ] 127.0.0.1 /CuteMi/index.php/Home/Index/bianli/typeid/53
INFO: [ app_begin ] --START--
INFO: Run Behavior\ReadHtmlCacheBehavior [ RunTime:0.000603s ]
INFO: [ app_begin ] --END-- [ RunTime:0.001062s ]
NOTIC: [2] session_start(): Cannot send session cookie - headers already sent by (output started at H:\WWW\www\CuteMi\ThinkPHP\Conf\convention.php:1) H:\WWW\www\CuteMi\ThinkPHP\Common\functions.php 第 1168 行.
NOTIC: [2] session_start(): Cannot send session cache limiter - headers already sent (output started at H:\WWW\www\CuteMi\ThinkPHP\Conf\convention.php:1) H:\WWW\www\CuteMi\ThinkPHP\Common\functions.php 第 1168 行.
NOTIC: [2] Cannot modify header information - headers already sent by (output started at H:\WWW\www\CuteMi\ThinkPHP\Conf\convention.php:1) H:\WWW\www\CuteMi\CuteMi\Home\Controller\CommonController.class.php 第 4 行.
SQL: SHOW COLUMNS FROM `mi_close` [ RunTime:0.006739s ]
SQL: SELECT * FROM `mi_close` WHERE ( close_id = '1' ) LIMIT 1   [ RunTime:0.000372s ]
SQL: SHOW COLUMNS FROM `mi_type` [ RunTime:0.009888s ]
SQL: SELECT * FROM `mi_type` WHERE ( pid = 53 )  [ RunTime:0.000489s ]
SQL: SHOW COLUMNS FROM `mi_goods` [ RunTime:0.005859s ]
SQL: SELECT * FROM `mi_goods` WHERE ( typeid in(60,61,62,63,77) )  [ RunTime:0.000429s ]
INFO: [ view_parse ] --START--
INFO: [ template_filter ] --START--
INFO: Run Behavior\ContentReplaceBehavior [ RunTime:0.000047s ]
INFO: [ template_filter ] --END-- [ RunTime:0.000115s ]
INFO: Run Behavior\ParseTemplateBehavior [ RunTime:0.014323s ]
INFO: [ view_parse ] --END-- [ RunTime:0.014405s ]
INFO: [ view_filter ] --START--
INFO: Run Behavior\WriteHtmlCacheBehavior [ RunTime:0.000566s ]
INFO: [ view_filter ] --END-- [ RunTime:0.000612s ]
NOTIC: [2] Cannot modify header information - headers already sent by (output started at H:\WWW\www\CuteMi\ThinkPHP\Conf\convention.php:1) H:\WWW\www\CuteMi\ThinkPHP\Library\Think\View.class.php 第 91 行.
NOTIC: [2] Cannot modify header information - headers already sent by (output started at H:\WWW\www\CuteMi\ThinkPHP\Conf\convention.php:1) H:\WWW\www\CuteMi\ThinkPHP\Library\Think\View.class.php 第 92 行.
NOTIC: [2] Cannot modify header information - headers already sent by (output started at H:\WWW\www\CuteMi\ThinkPHP\Conf\convention.php:1) H:\WWW\www\CuteMi\ThinkPHP\Library\Think\View.class.php 第 93 行.
INFO: [ app_end ] --START--
INFO: Run Behavior\ShowPageTraceBehavior [ RunTime:0.000863s ]
INFO: [ app_end ] --END-- [ RunTime:0.000934s ]

[ 2016-05-31T22:19:39+08:00 ] 127.0.0.1 /CuteMi/index.php/Home/Index/bianli/typeid/56
INFO: [ app_begin ] --START--
INFO: Run Behavior\ReadHtmlCacheBehavior [ RunTime:0.001375s ]
INFO: [ app_begin ] --END-- [ RunTime:0.002068s ]
NOTIC: [2] session_start(): Cannot send session cookie - headers already sent by (output started at H:\WWW\www\CuteMi\ThinkPHP\Conf\convention.php:1) H:\WWW\www\CuteMi\ThinkPHP\Common\functions.php 第 1168 行.
NOTIC: [2] session_start(): Cannot send session cache limiter - headers already sent (output started at H:\WWW\www\CuteMi\ThinkPHP\Conf\convention.php:1) H:\WWW\www\CuteMi\ThinkPHP\Common\functions.php 第 1168 行.
NOTIC: [2] Cannot modify header information - headers already sent by (output started at H:\WWW\www\CuteMi\ThinkPHP\Conf\convention.php:1) H:\WWW\www\CuteMi\CuteMi\Home\Controller\CommonController.class.php 第 4 行.
SQL: SHOW COLUMNS FROM `mi_close` [ RunTime:0.003377s ]
SQL: SELECT * FROM `mi_close` WHERE ( close_id = '1' ) LIMIT 1   [ RunTime:0.000480s ]
SQL: SHOW COLUMNS FROM `mi_type` [ RunTime:0.004254s ]
SQL: SELECT * FROM `mi_type` WHERE ( pid = 56 )  [ RunTime:0.000385s ]
SQL: SHOW COLUMNS FROM `mi_goods` [ RunTime:0.003722s ]
SQL: SELECT * FROM `mi_goods` WHERE ( typeid in(68,67,64,66) )  [ RunTime:0.000295s ]
INFO: [ view_parse ] --START--
INFO: [ template_filter ] --START--
INFO: Run Behavior\ContentReplaceBehavior [ RunTime:0.000048s ]
INFO: [ template_filter ] --END-- [ RunTime:0.000118s ]
INFO: Run Behavior\ParseTemplateBehavior [ RunTime:0.010725s ]
INFO: [ view_parse ] --END-- [ RunTime:0.010784s ]
INFO: [ view_filter ] --START--
INFO: Run Behavior\WriteHtmlCacheBehavior [ RunTime:0.000636s ]
INFO: [ view_filter ] --END-- [ RunTime:0.000686s ]
NOTIC: [2] Cannot modify header information - headers already sent by (output started at H:\WWW\www\CuteMi\ThinkPHP\Conf\convention.php:1) H:\WWW\www\CuteMi\ThinkPHP\Library\Think\View.class.php 第 91 行.
NOTIC: [2] Cannot modify header information - headers already sent by (output started at H:\WWW\www\CuteMi\ThinkPHP\Conf\convention.php:1) H:\WWW\www\CuteMi\ThinkPHP\Library\Think\View.class.php 第 92 行.
NOTIC: [2] Cannot modify header information - headers already sent by (output started at H:\WWW\www\CuteMi\ThinkPHP\Conf\convention.php:1) H:\WWW\www\CuteMi\ThinkPHP\Library\Think\View.class.php 第 93 行.
INFO: [ app_end ] --START--
INFO: Run Behavior\ShowPageTraceBehavior [ RunTime:0.001165s ]
INFO: [ app_end ] --END-- [ RunTime:0.001234s ]

[ 2016-05-31T22:19:39+08:00 ] 127.0.0.1 /CuteMi/index.php/Home/Index/bianli/typeid/57
INFO: [ app_begin ] --START--
INFO: Run Behavior\ReadHtmlCacheBehavior [ RunTime:0.000951s ]
INFO: [ app_begin ] --END-- [ RunTime:0.001521s ]
NOTIC: [2] session_start(): Cannot send session cookie - headers already sent by (output started at H:\WWW\www\CuteMi\ThinkPHP\Conf\convention.php:1) H:\WWW\www\CuteMi\ThinkPHP\Common\functions.php 第 1168 行.
NOTIC: [2] session_start(): Cannot send session cache limiter - headers already sent (output started at H:\WWW\www\CuteMi\ThinkPHP\Conf\convention.php:1) H:\WWW\www\CuteMi\ThinkPHP\Common\functions.php 第 1168 行.
NOTIC: [2] Cannot modify header information - headers already sent by (output started at H:\WWW\www\CuteMi\ThinkPHP\Conf\convention.php:1) H:\WWW\www\CuteMi\CuteMi\Home\Controller\CommonController.class.php 第 4 行.
SQL: SHOW COLUMNS FROM `mi_close` [ RunTime:0.004340s ]
SQL: SELECT * FROM `mi_close` WHERE ( close_id = '1' ) LIMIT 1   [ RunTime:0.000346s ]
SQL: SHOW COLUMNS FROM `mi_type` [ RunTime:0.004069s ]
SQL: SELECT * FROM `mi_type` WHERE ( pid = 57 )  [ RunTime:0.000407s ]
SQL: SHOW COLUMNS FROM `mi_goods` [ RunTime:0.003974s ]
SQL: SELECT * FROM `mi_goods` WHERE ( typeid in(69,70,71) )  [ RunTime:0.000448s ]
INFO: [ view_parse ] --START--
INFO: [ template_filter ] --START--
INFO: Run Behavior\ContentReplaceBehavior [ RunTime:0.000029s ]
INFO: [ template_filter ] --END-- [ RunTime:0.000071s ]
INFO: Run Behavior\ParseTemplateBehavior [ RunTime:0.006959s ]
INFO: [ view_parse ] --END-- [ RunTime:0.007008s ]
INFO: [ view_filter ] --START--
INFO: Run Behavior\WriteHtmlCacheBehavior [ RunTime:0.000286s ]
INFO: [ view_filter ] --END-- [ RunTime:0.000312s ]
NOTIC: [2] Cannot modify header information - headers already sent by (output started at H:\WWW\www\CuteMi\ThinkPHP\Conf\convention.php:1) H:\WWW\www\CuteMi\ThinkPHP\Library\Think\View.class.php 第 91 行.
NOTIC: [2] Cannot modify header information - headers already sent by (output started at H:\WWW\www\CuteMi\ThinkPHP\Conf\convention.php:1) H:\WWW\www\CuteMi\ThinkPHP\Library\Think\View.class.php 第 92 行.
NOTIC: [2] Cannot modify header information - headers already sent by (output started at H:\WWW\www\CuteMi\ThinkPHP\Conf\convention.php:1) H:\WWW\www\CuteMi\ThinkPHP\Library\Think\View.class.php 第 93 行.
INFO: [ app_end ] --START--
INFO: Run Behavior\ShowPageTraceBehavior [ RunTime:0.000534s ]
INFO: [ app_end ] --END-- [ RunTime:0.000563s ]

[ 2016-05-31T22:19:40+08:00 ] 127.0.0.1 /CuteMi/index.php/Home/Index/bianli/typeid/56
INFO: [ app_begin ] --START--
INFO: Run Behavior\ReadHtmlCacheBehavior [ RunTime:0.000696s ]
INFO: [ app_begin ] --END-- [ RunTime:0.001107s ]
NOTIC: [2] session_start(): Cannot send session cookie - headers already sent by (output started at H:\WWW\www\CuteMi\ThinkPHP\Conf\convention.php:1) H:\WWW\www\CuteMi\ThinkPHP\Common\functions.php 第 1168 行.
NOTIC: [2] session_start(): Cannot send session cache limiter - headers already sent (output started at H:\WWW\www\CuteMi\ThinkPHP\Conf\convention.php:1) H:\WWW\www\CuteMi\ThinkPHP\Common\functions.php 第 1168 行.
NOTIC: [2] Cannot modify header information - headers already sent by (output started at H:\WWW\www\CuteMi\ThinkPHP\Conf\convention.php:1) H:\WWW\www\CuteMi\CuteMi\Home\Controller\CommonController.class.php 第 4 行.
SQL: SHOW COLUMNS FROM `mi_close` [ RunTime:0.006686s ]
SQL: SELECT * FROM `mi_close` WHERE ( close_id = '1' ) LIMIT 1   [ RunTime:0.000287s ]
SQL: SHOW COLUMNS FROM `mi_type` [ RunTime:0.004360s ]
SQL: SELECT * FROM `mi_type` WHERE ( pid = 56 )  [ RunTime:0.000280s ]
SQL: SHOW COLUMNS FROM `mi_goods` [ RunTime:0.004388s ]
SQL: SELECT * FROM `mi_goods` WHERE ( typeid in(68,67,64,66) )  [ RunTime:0.000349s ]
INFO: [ view_parse ] --START--
INFO: [ template_filter ] --START--
INFO: Run Behavior\ContentReplaceBehavior [ RunTime:0.000047s ]
INFO: [ template_filter ] --END-- [ RunTime:0.000115s ]
INFO: Run Behavior\ParseTemplateBehavior [ RunTime:0.009360s ]
INFO: [ view_parse ] --END-- [ RunTime:0.009422s ]
INFO: [ view_filter ] --START--
INFO: Run Behavior\WriteHtmlCacheBehavior [ RunTime:0.000425s ]
INFO: [ view_filter ] --END-- [ RunTime:0.000472s ]
NOTIC: [2] Cannot modify header information - headers already sent by (output started at H:\WWW\www\CuteMi\ThinkPHP\Conf\convention.php:1) H:\WWW\www\CuteMi\ThinkPHP\Library\Think\View.class.php 第 91 行.
NOTIC: [2] Cannot modify header information - headers already sent by (output started at H:\WWW\www\CuteMi\ThinkPHP\Conf\convention.php:1) H:\WWW\www\CuteMi\ThinkPHP\Library\Think\View.class.php 第 92 行.
NOTIC: [2] Cannot modify header information - headers already sent by (output started at H:\WWW\www\CuteMi\ThinkPHP\Conf\convention.php:1) H:\WWW\www\CuteMi\ThinkPHP\Library\Think\View.class.php 第 93 行.
INFO: [ app_end ] --START--
INFO: Run Behavior\ShowPageTraceBehavior [ RunTime:0.000653s ]
INFO: [ app_end ] --END-- [ RunTime:0.000690s ]

[ 2016-05-31T22:19:40+08:00 ] 127.0.0.1 /CuteMi/index.php/Home/Index/bianli/typeid/53
INFO: [ app_begin ] --START--
INFO: Run Behavior\ReadHtmlCacheBehavior [ RunTime:0.000452s ]
INFO: [ app_begin ] --END-- [ RunTime:0.000799s ]
NOTIC: [2] session_start(): Cannot send session cookie - headers already sent by (output started at H:\WWW\www\CuteMi\ThinkPHP\Conf\convention.php:1) H:\WWW\www\CuteMi\ThinkPHP\Common\functions.php 第 1168 行.
NOTIC: [2] session_start(): Cannot send session cache limiter - headers already sent (output started at H:\WWW\www\CuteMi\ThinkPHP\Conf\convention.php:1) H:\WWW\www\CuteMi\ThinkPHP\Common\functions.php 第 1168 行.
NOTIC: [2] Cannot modify header information - headers already sent by (output started at H:\WWW\www\CuteMi\ThinkPHP\Conf\convention.php:1) H:\WWW\www\CuteMi\CuteMi\Home\Controller\CommonController.class.php 第 4 行.
SQL: SHOW COLUMNS FROM `mi_close` [ RunTime:0.005974s ]
SQL: SELECT * FROM `mi_close` WHERE ( close_id = '1' ) LIMIT 1   [ RunTime:0.000325s ]
SQL: SHOW COLUMNS FROM `mi_type` [ RunTime:0.004235s ]
SQL: SELECT * FROM `mi_type` WHERE ( pid = 53 )  [ RunTime:0.000309s ]
SQL: SHOW COLUMNS FROM `mi_goods` [ RunTime:0.004542s ]
SQL: SELECT * FROM `mi_goods` WHERE ( typeid in(60,61,62,63,77) )  [ RunTime:0.000364s ]
INFO: [ view_parse ] --START--
INFO: [ template_filter ] --START--
INFO: Run Behavior\ContentReplaceBehavior [ RunTime:0.000034s ]
INFO: [ template_filter ] --END-- [ RunTime:0.000082s ]
INFO: Run Behavior\ParseTemplateBehavior [ RunTime:0.007832s ]
INFO: [ view_parse ] --END-- [ RunTime:0.007892s ]
INFO: [ view_filter ] --START--
INFO: Run Behavior\WriteHtmlCacheBehavior [ RunTime:0.000339s ]
INFO: [ view_filter ] --END-- [ RunTime:0.000376s ]
NOTIC: [2] Cannot modify header information - headers already sent by (output started at H:\WWW\www\CuteMi\ThinkPHP\Conf\convention.php:1) H:\WWW\www\CuteMi\ThinkPHP\Library\Think\View.class.php 第 91 行.
NOTIC: [2] Cannot modify header information - headers already sent by (output started at H:\WWW\www\CuteMi\ThinkPHP\Conf\convention.php:1) H:\WWW\www\CuteMi\ThinkPHP\Library\Think\View.class.php 第 92 行.
NOTIC: [2] Cannot modify header information - headers already sent by (output started at H:\WWW\www\CuteMi\ThinkPHP\Conf\convention.php:1) H:\WWW\www\CuteMi\ThinkPHP\Library\Think\View.class.php 第 93 行.
INFO: [ app_end ] --START--
INFO: Run Behavior\ShowPageTraceBehavior [ RunTime:0.000545s ]
INFO: [ app_end ] --END-- [ RunTime:0.000580s ]

[ 2016-05-31T22:20:14+08:00 ] 127.0.0.1 /CuteMi/index.php/Home/BeforeCart/doindex?verson=%E6%A0%87%E5%87%86%E7%89%88&color=%E7%99%BD%E8%89%B2&gid=60
INFO: [ app_begin ] --START--
INFO: Run Behavior\ReadHtmlCacheBehavior [ RunTime:0.000509s ]
INFO: [ app_begin ] --END-- [ RunTime:0.000867s ]
NOTIC: [2] session_start(): Cannot send session cookie - headers already sent by (output started at H:\WWW\www\CuteMi\ThinkPHP\Conf\convention.php:1) H:\WWW\www\CuteMi\ThinkPHP\Common\functions.php 第 1168 行.
NOTIC: [2] session_start(): Cannot send session cache limiter - headers already sent (output started at H:\WWW\www\CuteMi\ThinkPHP\Conf\convention.php:1) H:\WWW\www\CuteMi\ThinkPHP\Common\functions.php 第 1168 行.
NOTIC: [2] Cannot modify header information - headers already sent by (output started at H:\WWW\www\CuteMi\ThinkPHP\Conf\convention.php:1) H:\WWW\www\CuteMi\CuteMi\Home\Controller\CommonController.class.php 第 4 行.
SQL: SHOW COLUMNS FROM `mi_close` [ RunTime:0.005322s ]
SQL: SELECT * FROM `mi_close` WHERE ( close_id = '1' ) LIMIT 1   [ RunTime:0.000257s ]
NOTIC: [2] array_key_exists() expects parameter 2 to be array, string given H:\WWW\www\CuteMi\CuteMi\Home\Controller\BeforeCartController.class.php 第 37 行.
SQL: SHOW COLUMNS FROM `mi_goods` [ RunTime:0.004078s ]
SQL: SELECT * FROM `mi_goods` WHERE ( gid = 60 ) LIMIT 1   [ RunTime:0.000331s ]
INFO: [ app_end ] --START--
INFO: Run Behavior\ShowPageTraceBehavior [ RunTime:0.000474s ]
INFO: [ app_end ] --END-- [ RunTime:0.000506s ]

[ 2016-05-31T22:22:20+08:00 ] 127.0.0.1 /CuteMi/index.php/Home/login/js/jquery-1.8.3.min.js
ERR: 非法操作:js

[ 2016-05-31T22:22:20+08:00 ] 127.0.0.1 /CuteMi/index.php/Home/login/js/placeholder.js
ERR: 非法操作:js

[ 2016-05-31T22:22:20+08:00 ] 127.0.0.1 /CuteMi/index.php/Home/login/tick
ERR: 非法操作:tick

[ 2016-05-31T22:22:41+08:00 ] 127.0.0.1 /CuteMi/index.php/Home/Login/tick
ERR: 非法操作:tick

[ 2016-05-31T22:22:41+08:00 ] 127.0.0.1 /CuteMi/index.php/Home/Login/js/placeholder.js
ERR: 非法操作:js

[ 2016-05-31T22:22:41+08:00 ] 127.0.0.1 /CuteMi/index.php/Home/Login/js/jquery-1.8.3.min.js
ERR: 非法操作:js

